<?xml version="1.0" encoding="UTF-8"?>
<testsuites tests="1" failures="122">
    <testsuite name="code-scanner.1.222.290.60044" tests="1" failures="122" errors="0" id="0" time="39">
        <properties>
            <property name="Digest" value=""></property>
            <property name="ImageID" value="4e503240979b"></property>
            <property name="OperatingSystem" value="ubuntu 22.04"></property>
            <property name="Repository" value="docker.io/library/summarization-service"></property>
            <property name="Tag" value="pr-59-c007cf0"></property>
        </properties>
        <testcase name="CVE-2025-32434" classname="critical">
            <failure message="&#xA;  Vulnerability: CVE-2025-32434&#xA;  Severity: Critical&#xA;  CVSS Score: 9.3&#xA;  CVSS Version: CVSS4&#xA;  VPR Score: 4.9&#xA;  Known Exploit: Yes&#xA;  CVSS Attack Vector: Network&#xA;  Description: PyTorch is a Python package that provides tensor computation with strong GPU acceleration and deep&#xA;               neural networks built on a tape-based autograd system. In version 2.5.1 and prior, a Remote Command&#xA;               Execution (RCE) vulnerability exists in PyTorch when loading a model using torch.load with&#xA;               weights_only=True. This issue has been patched in version 2.6.0.&#xA;  Resolution: 2.6.0&#xA;  Resolvable: Yes&#xA;  Patch: 425745&#xA;  Published Date: 2025-04-18 00:00:00&#xA;  URLs:&#xA;    https://github.com/NguyenVanMinhCuong2002/deeplearning-cve-analysis&#xA;    https://github.com/bndxn/cve-awareness&#xA;    https://github.com/Soildworks/Agentic-CLIP-Benchmark&#xA;    https://github.com/B1tBit/CVE-2025-32434-exploit&#xA;    https://github.com/Camier/VOIXCODER&#xA;    https://lists.debian.org/debian-lts-announce/2025/12/msg00000.html&#xA;    https://github.com/pytorch/pytorch/security/advisories/GHSA-53q9-r3pm-6pq6&#xA;  Software:&#xA;    [1]: torch@2.0.0+cpu /home/appuser/.local/lib/python3.10/site-packages/torch-2.0.0+cpu.dist-info/METADATA&#xA;  Layers:&#xA;    [1]:  COPY --chown=appuser:appgroup /home/appuser/.local /home/appuser/.local # buildkit&#xA;&#xA;"></failure>
        </testcase>
        <testcase name="CVE-2026-5241" classname="critical">
            <failure message="&#xA;  Vulnerability: CVE-2026-5241&#xA;  Severity: Critical&#xA;  CVSS Score: 9.6&#xA;  CVSS Version: CVSS3&#xA;  VPR Score: 5&#xA;  Known Exploit: Yes&#xA;  CVSS Attack Vector: Network&#xA;  Description: A vulnerability in the LightGlue model loading path of huggingface/transformers version 5.2.0 allows&#xA;               an attacker-controlled model repository to execute arbitrary code during model initialization. The&#xA;               issue arises because the `trust_remote_code` parameter, intended to prevent remote code execution,&#xA;               is overridden by untrusted serialized configuration data in a nested code path. Specifically, when&#xA;               loading a LightGlue model using `AutoModel.from_pretrained()` with `trust_remote_code=False`, the&#xA;               `LightGlueConfig` reads the `trust_remote_code` value from the untrusted `config.json` file and&#xA;               propagates it into nested `AutoConfig.from_pretrained()` calls. This results in the execution of&#xA;               attacker-provided Python modules, even when the victim explicitly disables remote code execution.&#xA;               The vulnerability poses a high risk for environments such as API inference servers, research&#xA;               notebooks, CI/CD pipelines, and model evaluation workers, potentially leading to credential theft,&#xA;               lateral movement, or persistence/backdoor deployment.&#xA;  Resolution: 5.5.0&#xA;  Resolvable: Yes&#xA;  Patch: 445003&#xA;  Published Date: 2026-06-03 00:00:00&#xA;  URLs:&#xA;    https://github.com/MarwenOnGit/CVE-DETECTION-LAB&#xA;    https://security.access.redhat.com/data/csaf/v2/vex/2026/cve-2026-5241.json&#xA;    https://huntr.com/bounties/ceb3ce1a-4c45-497a-b25e-cb9a7685e619&#xA;    https://github.com/huggingface/transformers/commit/676559d5022b74aaa0cee1cee0842b7f27c5320e&#xA;    https://bugzilla.redhat.com/show_bug.cgi?id=2484384&#xA;    https://access.redhat.com/security/cve/CVE-2026-5241&#xA;    https://access.redhat.com/errata/RHSA-2026:60520&#xA;    https://access.redhat.com/errata/RHSA-2026:42644&#xA;    https://access.redhat.com/errata/RHSA-2026:37275&#xA;    https://access.redhat.com/errata/RHSA-2026:34456&#xA;  Software:&#xA;    [1]: transformers@4.48.0 /home/appuser/.local/lib/python3.10/site-packages/transformers-4.48.0.dist-info/METADATA&#xA;  Layers:&#xA;    [1]:  COPY --chown=appuser:appgroup /home/appuser/.local /home/appuser/.local # buildkit&#xA;&#xA;"></failure>
        </testcase>
        <testcase name="CVE-2026-66046" classname="high">
            <failure message="&#xA;  Vulnerability: CVE-2026-66046&#xA;  Severity: High&#xA;  CVSS Score: 8.7&#xA;  CVSS Version: CVSS4&#xA;  VPR Score: 3&#xA;  Known Exploit: No&#xA;  CVSS Attack Vector: Network&#xA;  Description: Expat through 2.8.3 contains a denial of service vulnerability caused by quadratic algorithmic&#xA;               complexity in the storeAtts() function in xmlparse.c, where processing N specified attributes with&#xA;               non-normalized values triggers an O(N^2) linear scan of elementType-&gt;defaultAtts to determine CDATA&#xA;               status. A remote unauthenticated attacker can supply a single well-formed XML document of a few&#xA;               megabytes to an application parsing untrusted XML to cause excessive CPU consumption, resulting in&#xA;               denial of service without requiring authentication, external entity resolution, or non-default&#xA;               parser options.&#xA;  Resolvable: No&#xA;  Patch: 338135&#xA;  Published Date: 2026-08-18 00:00:00&#xA;  URLs:&#xA;    https://www.vulncheck.com/advisories/expat-denial-of-service-via-storeatts-quadratic-complexity&#xA;    https://github.com/libexpat/libexpat/pull/1321&#xA;  Software:&#xA;    [1]: libexpat1@2.4.7-1ubuntu0.7 &#xA;  Layers:&#xA;    [1]:  RUN |5 USER_ID=999 GROUP_ID=1099 USER_NAME=appuser GROUP_NAME=appgroup DEBIAN_FRONTEND=noninteractive /bin/sh -c apt-get update -y     &amp;&amp; apt-get upgrade -y     &amp;&amp; apt-get install -y --no-install-recommends         python3         ca-certificates         libstdc++6         libgomp1     &amp;&amp; rm -rf /var/lib/apt/lists/* # buildkit&#xA;&#xA;"></failure>
        </testcase>
        <testcase name="CVE-2017-11164" classname="high">
            <failure message="&#xA;  Vulnerability: CVE-2017-11164&#xA;  Severity: High&#xA;  CVSS Score: 7.5&#xA;  CVSS Version: CVSS3&#xA;  VPR Score: 3&#xA;  Known Exploit: No&#xA;  CVSS Attack Vector: Network&#xA;  Description: In PCRE 8.41, the OP_KETRMAX feature in the match function in pcre_exec.c allows stack exhaustion&#xA;               (uncontrolled recursion) when processing a crafted regular expression.&#xA;  Resolvable: No&#xA;  Patch: 220294&#xA;  Published Date: 2017-07-11 00:00:00&#xA;  URLs:&#xA;    https://github.com/tl87/container-scanner&#xA;    https://lists.apache.org/thread.html/rf9fa47ab66495c78bb4120b0754dd9531ca2ff0430f6685ac9b07772%40%3Cdev.mina.apache.org%3E&#xA;    http://www.securityfocus.com/bid/99575&#xA;    http://www.openwall.com/lists/oss-security/2023/04/12/1&#xA;    http://www.openwall.com/lists/oss-security/2023/04/11/1&#xA;    http://openwall.com/lists/oss-security/2017/07/11/3&#xA;  Software:&#xA;    [1]: libpcre3@2:8.39-13ubuntu0.22.04.1 &#xA;  Layers:&#xA;    [1]:  ADD file:81c01921c5f642ac2fcbfae682e489e8e64b347467d9fa1587707e310e64d790 in / &#xA;&#xA;"></failure>
        </testcase>
        <testcase name="CVE-2026-86145" classname="high">
            <failure message="&#xA;  Vulnerability: CVE-2026-86145&#xA;  Severity: High&#xA;  CVSS Score: 8.2&#xA;  CVSS Version: CVSS3&#xA;  VPR Score: 5.5&#xA;  Known Exploit: No&#xA;  CVSS Attack Vector: Network&#xA;  Description: PCRE2 before 10.48 allows a pcre2_dfa_match out-of-bounds write because reuse of a cached workspace&#xA;               block, in a recursive DFA matching workspace, lacks a size check (even though a newly allocated&#xA;               block, for the same purpose, does have a size check). This outcome requires an attacker-controlled&#xA;               regular expression, or a recursive pattern in conjunction with a small heap limit (this can be set&#xA;               through the API).&#xA;  Resolvable: No&#xA;  Patch: 343097&#xA;  Published Date: 2026-09-05 00:00:00&#xA;  URLs:&#xA;    https://github.com/PCRE2Project/pcre2/security/advisories/GHSA-3r4p-g7gg-ppmf&#xA;    https://github.com/PCRE2Project/pcre2/releases/tag/pcre2-10.48&#xA;    http://www.openwall.com/lists/oss-security/2026/09/05/3&#xA;  Software:&#xA;    [1]: libpcre2-8-0@10.39-3ubuntu0.1 &#xA;  Layers:&#xA;    [1]:  ADD file:81c01921c5f642ac2fcbfae682e489e8e64b347467d9fa1587707e310e64d790 in / &#xA;&#xA;"></failure>
        </testcase>
        <testcase name="CVE-2026-7017" classname="high">
            <failure message="&#xA;  Vulnerability: CVE-2026-7017&#xA;  Severity: High&#xA;  CVSS Score: 7.1&#xA;  CVSS Version: CVSS3&#xA;  VPR Score: 3.5&#xA;  Known Exploit: No&#xA;  CVSS Attack Vector: Network&#xA;  Description: HTTP::Tiny versions before 0.095 for Perl forward credential headers to cross-origin redirect&#xA;               targets. When the server returns a 3xx redirect, `_maybe_redirect` follows the `Location:` header&#xA;               and `_prepare_headers_and_cb` re-merges the caller&#39;s `headers` argument into the new request,&#xA;               without checking whether the redirect target shares an origin with the original URL. Caller-supplied&#xA;               `Authorization`, `Cookie` and `Proxy-Authorization` headers are therefore re-sent to whatever host&#xA;               the redirect names, across scheme, host or port boundaries, and including `https` to `http`&#xA;               downgrades that expose them in plaintext on the wire. The HTTP::Tiny POD note that &#34;Authorization&#xA;               headers will not be included in a redirected request&#34; applied only to the URL-userinfo Basic-auth&#xA;               path, not to headers passed explicitly by the caller.&#xA;  Resolvable: No&#xA;  Patch: 325549&#xA;  Published Date: 2026-07-07 00:00:00&#xA;  URLs:&#xA;    https://www.helpnetsecurity.com/2026/09/14/debian-13-7-point-release/&#xA;    https://metacpan.org/release/HAARG/HTTP-Tiny-0.095-TRIAL/changes&#xA;    https://github.com/Perl-Toolchain-Gang/HTTP-Tiny/pull/36&#xA;    https://github.com/Perl-Toolchain-Gang/HTTP-Tiny/commit/e7a03aedf2395158f2b0d3bad2df943349227bb3.patch&#xA;    https://github.com/Perl-Toolchain-Gang/HTTP-Tiny/commit/8f32ca89e21c3ad0422adc698fa6ad17a193f55f.patch&#xA;    https://github.com/Perl-Toolchain-Gang/HTTP-Tiny/commit/84984ef3930ddd4afcf5eb83b40d3cee200739c3.patch&#xA;    http://www.openwall.com/lists/oss-security/2026/07/07/13&#xA;  Software:&#xA;    [1]: perl-base@5.34.0-3ubuntu1.9 &#xA;  Layers:&#xA;    [1]:  RUN |5 USER_ID=999 GROUP_ID=1099 USER_NAME=appuser GROUP_NAME=appgroup DEBIAN_FRONTEND=noninteractive /bin/sh -c apt-get update -y     &amp;&amp; apt-get upgrade -y     &amp;&amp; apt-get install -y --no-install-recommends         python3         ca-certificates         libstdc++6         libgomp1     &amp;&amp; rm -rf /var/lib/apt/lists/* # buildkit&#xA;&#xA;"></failure>
        </testcase>
        <testcase name="CVE-2026-19499" classname="high">
            <failure message="&#xA;  Vulnerability: CVE-2026-19499&#xA;  Severity: High&#xA;  CVSS Score: 7.7&#xA;  CVSS Version: CVSS3&#xA;  VPR Score: 4.5&#xA;  Known Exploit: No&#xA;  CVSS Attack Vector: Network&#xA;  Description: Calling strfmon and strfmon_l in the GNU C Library version 2.38 to 2.44 can write past the end of&#xA;               the caller-supplied output buffer when a conversion uses right-justified width padding. Exploitation&#xA;               requires an application code path that calls strfmon or strfmon_l with right-justified width padding&#xA;               into a destination buffer that is large enough for the padding to succeed but too small for the&#xA;               internal memmove call. The field width or format may be attacker-influenced or a fixed susceptible&#xA;               pattern in the caller. At the time of publication, no network-facing application impact is known.&#xA;  Resolvable: No&#xA;  Patch: 339443&#xA;  Published Date: 2026-09-14 00:00:00&#xA;  URLs:&#xA;    https://sourceware.org/git/?p=glibc.git;a=blob_plain;f=advisories/GLIBC-SA-2026-0017&#xA;    https://sourceware.org/bugzilla/show_bug.cgi?id=34510&#xA;  Software:&#xA;    [1]: libc-bin@2.35-0ubuntu3.15 &#xA;    [2]: libc6@2.35-0ubuntu3.15 &#xA;  Layers:&#xA;    [1]:  RUN |5 USER_ID=999 GROUP_ID=1099 USER_NAME=appuser GROUP_NAME=appgroup DEBIAN_FRONTEND=noninteractive /bin/sh -c apt-get update -y     &amp;&amp; apt-get upgrade -y     &amp;&amp; apt-get install -y --no-install-recommends         python3         ca-certificates         libstdc++6         libgomp1     &amp;&amp; rm -rf /var/lib/apt/lists/* # buildkit&#xA;&#xA;"></failure>
        </testcase>
        <testcase name="CVE-2026-43916" classname="high">
            <failure message="&#xA;  Vulnerability: CVE-2026-43916&#xA;  Severity: High&#xA;  CVSS Score: 8.7&#xA;  CVSS Version: CVSS4&#xA;  VPR Score: 4.9&#xA;  Known Exploit: No&#xA;  CVSS Attack Vector: Network&#xA;  Description: pam_authnft is a PAM session module binding nftables firewall rules to authenticated sessions via&#xA;               cgroupv2 inodes. Prior to 0.2.0-alpha, a heap buffer over-read in peer_lookup_tcp&#xA;               (src/peer_lookup.c:134, prior to the fix) allowed a crafted NETLINK_SOCK_DIAG reply to slip past the&#xA;               message-size check, then dereference past the end of the allocation. This vulnerability is fixed in&#xA;               0.2.0-alpha.&#xA;  Resolvable: No&#xA;  Patch: 314736&#xA;  Published Date: 2026-05-12 00:00:00&#xA;  URLs:&#xA;    https://github.com/identd-ng/pam_authnft/security/advisories/GHSA-5jj5-hm34-78vh&#xA;    https://github.com/identd-ng/pam_authnft/pull/10&#xA;  Software:&#xA;    [1]: libpam-modules@1.4.0-11ubuntu2.8 &#xA;    [2]: libpam-modules-bin@1.4.0-11ubuntu2.8 &#xA;    [3]: libpam-runtime@1.4.0-11ubuntu2.8 &#xA;    [4]: libpam0g@1.4.0-11ubuntu2.8 &#xA;  Layers:&#xA;    [1]:  ADD file:81c01921c5f642ac2fcbfae682e489e8e64b347467d9fa1587707e310e64d790 in / &#xA;&#xA;"></failure>
        </testcase>
        <testcase name="CVE-2026-89157" classname="high">
            <failure message="&#xA;  Vulnerability: CVE-2026-89157&#xA;  Severity: High&#xA;  CVSS Score: 7.4&#xA;  CVSS Version: CVSS3&#xA;  VPR Score: 4.3&#xA;  Known Exploit: Yes&#xA;  CVSS Attack Vector: Network&#xA;  Description: PCRE2 before 10.48, on 32-bit platforms, has a pcre2_pattern_convert out-of-bounds write when an&#xA;               attacker can provide a large pattern.&#xA;  Resolvable: No&#xA;  Patch: 344740&#xA;  Published Date: 2026-09-11 00:00:00&#xA;  URLs:&#xA;    https://github.com/PCRE2Project/pcre2/security/advisories/GHSA-q8g2-wprr-34m9&#xA;    https://github.com/PCRE2Project/pcre2/releases/tag/pcre2-10.48&#xA;  Software:&#xA;    [1]: libpcre2-8-0@10.39-3ubuntu0.1 &#xA;  Layers:&#xA;    [1]:  ADD file:81c01921c5f642ac2fcbfae682e489e8e64b347467d9fa1587707e310e64d790 in / &#xA;&#xA;"></failure>
        </testcase>
        <testcase name="CVE-2024-31583" classname="high">
            <failure message="&#xA;  Vulnerability: CVE-2024-31583&#xA;  Severity: High&#xA;  CVSS Score: 7.8&#xA;  CVSS Version: CVSS3&#xA;  VPR Score: 4.9&#xA;  Known Exploit: No&#xA;  CVSS Attack Vector: Local&#xA;  Description: Pytorch before version v2.2.0 was discovered to contain a use-after-free vulnerability in&#xA;               torch/csrc/jit/mobile/interpreter.cpp.&#xA;  Resolution: 2.2.0&#xA;  Resolvable: Yes&#xA;  Patch: 421415&#xA;  Published Date: 2024-04-17 00:00:00&#xA;  URLs:&#xA;    https://github.com/pytorch/pytorch/commit/9c7071b0e324f9fb68ab881283d6b8d388a4bcd2&#xA;    https://github.com/pytorch/pytorch/blob/v2.1.2/torch/csrc/jit/mobile/interpreter.cpp#L132&#xA;    https://gist.github.com/1047524396/43e19a41f2b36503a4a228c32cdbc176&#xA;  Software:&#xA;    [1]: torch@2.0.0+cpu /home/appuser/.local/lib/python3.10/site-packages/torch-2.0.0+cpu.dist-info/METADATA&#xA;  Layers:&#xA;    [1]:  COPY --chown=appuser:appgroup /home/appuser/.local /home/appuser/.local # buildkit&#xA;&#xA;"></failure>
        </testcase>
        <testcase name="CVE-2026-54370" classname="high">
            <failure message="&#xA;  Vulnerability: CVE-2026-54370&#xA;  Severity: High&#xA;  CVSS Score: 7.2&#xA;  CVSS Version: CVSS4&#xA;  VPR Score: 4.3&#xA;  Known Exploit: No&#xA;  CVSS Attack Vector: Local&#xA;  Description: acl before version 2.4.0 contains a time-of-check to time-of-use (TOCTOU) race condition&#xA;               vulnerability that allows local attackers to escalate privileges by replacing a pathname component&#xA;               with a symbolic link between an lstat() check and subsequent symlink-following operations such as&#xA;               stat(), chown(), chmod(), acl_get_file(), and acl_set_file(). Attackers who control a pathname&#xA;               component can redirect file access control list operations to arbitrary files when getfacl, setfacl,&#xA;               or chacl is invoked by a privileged process over an attacker-controlled path, resulting in local&#xA;               privilege escalation.&#xA;  Resolvable: No&#xA;  Patch: 323758&#xA;  Published Date: 2026-06-29 00:00:00&#xA;  URLs:&#xA;    https://www.vulncheck.com/advisories/acl-toctou-symlink-traversal-via-getfacl-setfacl-chacl&#xA;    https://cgit.git.savannah.nongnu.org/cgit/acl.git/commit/?id=3589787cd589b34bdd9265936e17190b6d3f17d1&#xA;    https://cgit.git.savannah.nongnu.org/cgit/acl.git/commit/?id=24a227d0ab8576612194f8a56c2314389adc74a5&#xA;  Software:&#xA;    [1]: libacl1@2.3.1-1 &#xA;  Layers:&#xA;    [1]:  ADD file:81c01921c5f642ac2fcbfae682e489e8e64b347467d9fa1587707e310e64d790 in / &#xA;&#xA;"></failure>
        </testcase>
        <testcase name="CVE-2022-4899" classname="high">
            <failure message="&#xA;  Vulnerability: CVE-2022-4899&#xA;  Severity: High&#xA;  CVSS Score: 7.5&#xA;  CVSS Version: CVSS3&#xA;  VPR Score: 3&#xA;  Known Exploit: No&#xA;  CVSS Attack Vector: Network&#xA;  Description: A vulnerability was found in zstd v1.4.10, where an attacker can supply empty string as an argument&#xA;               to the command line tool to cause buffer overrun.&#xA;  Resolvable: No&#xA;  Patch: 225629&#xA;  Published Date: 2023-03-31 00:00:00&#xA;  URLs:&#xA;    https://security.netapp.com/advisory/ntap-20230725-0005/&#xA;    https://lists.fedoraproject.org/archives/list/package-announce%40lists.fedoraproject.org/message/QYLDK6ODVC4LJSDULLX6Q2YHTFOWABCN/&#xA;    https://lists.fedoraproject.org/archives/list/package-announce%40lists.fedoraproject.org/message/JEHRBBYYTPA4DETOM5XAKGCP37NUTLOA/&#xA;    https://lists.fedoraproject.org/archives/list/package-announce%40lists.fedoraproject.org/message/C63HAGVLQA6FJNDCHR7CNZZL6VSLILB2/&#xA;    https://github.com/facebook/zstd/issues/3200&#xA;  Software:&#xA;    [1]: libzstd1@1.4.8+dfsg-3build1 &#xA;  Layers:&#xA;    [1]:  ADD file:81c01921c5f642ac2fcbfae682e489e8e64b347467d9fa1587707e310e64d790 in / &#xA;&#xA;"></failure>
        </testcase>
        <testcase name="CVE-2026-76957" classname="high">
            <failure message="&#xA;  Vulnerability: CVE-2026-76957&#xA;  Severity: High&#xA;  CVSS Score: 7.8&#xA;  CVSS Version: CVSS3&#xA;  VPR Score: 4.9&#xA;  Known Exploit: No&#xA;  CVSS Attack Vector: Local&#xA;  Description: libexpat before 2.8.4 lacks handler call depth tracking with custom encoding callbacks. Thus, a&#xA;               use-after-free can occur. NOTE: this is similar to CVE-2026-50219, CVE-2026-56131 and&#xA;               CVE-2026-56412.&#xA;  Resolvable: No&#xA;  Patch: 338296&#xA;  Published Date: 2026-08-20 00:00:00&#xA;  URLs:&#xA;    https://github.com/libexpat/libexpat/pull/1329&#xA;    https://github.com/libexpat/libexpat/pull/1322&#xA;  Software:&#xA;    [1]: libexpat1@2.4.7-1ubuntu0.7 &#xA;  Layers:&#xA;    [1]:  RUN |5 USER_ID=999 GROUP_ID=1099 USER_NAME=appuser GROUP_NAME=appgroup DEBIAN_FRONTEND=noninteractive /bin/sh -c apt-get update -y     &amp;&amp; apt-get upgrade -y     &amp;&amp; apt-get install -y --no-install-recommends         python3         ca-certificates         libstdc++6         libgomp1     &amp;&amp; rm -rf /var/lib/apt/lists/* # buildkit&#xA;&#xA;"></failure>
        </testcase>
        <testcase name="CVE-2025-59375" classname="high">
            <failure message="&#xA;  Vulnerability: CVE-2025-59375&#xA;  Severity: High&#xA;  CVSS Score: 7.5&#xA;  CVSS Version: CVSS3&#xA;  VPR Score: 5.7&#xA;  Known Exploit: Yes&#xA;  CVSS Attack Vector: Network&#xA;  Description: libexpat in Expat before 2.7.2 allows attackers to trigger large dynamic memory allocations via a&#xA;               small document that is submitted for parsing.&#xA;  Resolvable: No&#xA;  Patch: 265182&#xA;  Published Date: 2025-09-15 00:00:00&#xA;  URLs:&#xA;    https://www.cisa.gov/news-events/ics-advisories/icsa-26-155-02&#xA;    https://www.cisa.gov/news-events/ics-advisories/icsa-26-062-03&#xA;    https://www.cisa.gov/news-events/ics-advisories/icsa-26-043-06&#xA;    https://issues.oss-fuzz.com/issues/439133977&#xA;    https://github.com/libexpat/libexpat/pull/1034&#xA;    https://github.com/libexpat/libexpat/issues/1018&#xA;    https://github.com/libexpat/libexpat/blob/R_2_7_2/expat/Changes&#xA;    https://github.com/libexpat/libexpat/blob/676a4c531ec768732fac215da9730b5f50fbd2bf/expat/Changes#L45-L74&#xA;    https://cert-portal.siemens.com/productcert/html/ssa-089022.html&#xA;    https://cert-portal.siemens.com/productcert/html/ssa-082556.html&#xA;    http://www.openwall.com/lists/oss-security/2026/05/01/5&#xA;    http://www.openwall.com/lists/oss-security/2025/09/16/2&#xA;  Software:&#xA;    [1]: libexpat1@2.4.7-1ubuntu0.7 &#xA;  Layers:&#xA;    [1]:  RUN |5 USER_ID=999 GROUP_ID=1099 USER_NAME=appuser GROUP_NAME=appgroup DEBIAN_FRONTEND=noninteractive /bin/sh -c apt-get update -y     &amp;&amp; apt-get upgrade -y     &amp;&amp; apt-get install -y --no-install-recommends         python3         ca-certificates         libstdc++6         libgomp1     &amp;&amp; rm -rf /var/lib/apt/lists/* # buildkit&#xA;&#xA;"></failure>
        </testcase>
        <testcase name="CVE-2026-48961" classname="high">
            <failure message="&#xA;  Vulnerability: CVE-2026-48961&#xA;  Severity: High&#xA;  CVSS Score: 7.3&#xA;  CVSS Version: CVSS3&#xA;  VPR Score: 5.6&#xA;  Known Exploit: No&#xA;  CVSS Attack Vector: Network&#xA;  Description: IO::Compress versions from 2.207 before 2.220 for Perl ship a zipdetails CLI tool that crashes with&#xA;               undefined subroutine on Info-ZIP Unix Extra Field with 8-byte UID or GID. When decode_ux() in&#xA;               bin/zipdetails handles an Info-ZIP Unix Extra Field (tag 0x7875) with UID Size or GID Size set to 8,&#xA;               causing zipdetails to decode an 8-byte UID or GID value, it dispatches through decodeLitteEndian(),&#xA;               which calls a misnamed helper unpackValueQ. The actual function defined in the same file is&#xA;               unpackValue_Q (with underscore); the call raises &#39;Undefined subroutine &amp;main::unpackValueQ&#39; and the&#xA;               script exits with status 255. Library callers of IO::Compress and IO::Uncompress are not affected;&#xA;               the defect is in the bundled CLI tool.&#xA;  Resolvable: No&#xA;  Patch: 317091&#xA;  Published Date: 2026-05-27 00:00:00&#xA;  URLs:&#xA;    https://metacpan.org/release/PMQS/IO-Compress-2.220/changes&#xA;    https://github.com/pmqs/IO-Compress/commit/33c89d03d6e746ed2ead4f2f6570d47864c61bc7.patch&#xA;    http://www.openwall.com/lists/oss-security/2026/05/27/3&#xA;  Software:&#xA;    [1]: perl-base@5.34.0-3ubuntu1.9 &#xA;  Layers:&#xA;    [1]:  RUN |5 USER_ID=999 GROUP_ID=1099 USER_NAME=appuser GROUP_NAME=appgroup DEBIAN_FRONTEND=noninteractive /bin/sh -c apt-get update -y     &amp;&amp; apt-get upgrade -y     &amp;&amp; apt-get install -y --no-install-recommends         python3         ca-certificates         libstdc++6         libgomp1     &amp;&amp; rm -rf /var/lib/apt/lists/* # buildkit&#xA;&#xA;"></failure>
        </testcase>
        <testcase name="CVE-2026-85091" classname="high">
            <failure message="&#xA;  Vulnerability: CVE-2026-85091&#xA;  Severity: High&#xA;  CVSS Score: 8.3&#xA;  CVSS Version: CVSS4&#xA;  VPR Score: 4.3&#xA;  Known Exploit: No&#xA;  CVSS Attack Vector: Network&#xA;  Description: zlib versions 1.3.1.2 through 1.3.2 contain a heap buffer overflow vulnerability in the gz_vacate()&#xA;               function when processing non-blocking gzwrite() operations with stale external buffer pointers.&#xA;               Attackers can trigger the overflow by calling gzprintf() or gzvprintf() after a write stall, causing&#xA;               an unchecked memmove() to write beyond the internal input buffer boundary.&#xA;  Resolvable: No&#xA;  Patch: 342781&#xA;  Published Date: 2026-09-03 00:00:00&#xA;  URLs:&#xA;    https://www.vulncheck.com/advisories/zlib-1.3.1.2-through-1.3.2-heap-buffer-overflow-via-gz-vacate&#xA;    https://github.com/madler/zlib/blob/v1.3.2/gzwrite.c#L393&#xA;    https://github.com/madler/zlib&#xA;    https://gist.github.com/thesmartshadow/e0b9481792afb7c31e86fee1ff084490&#xA;  Software:&#xA;    [1]: zlib1g@1:1.2.11.dfsg-2ubuntu9.2 &#xA;  Layers:&#xA;    [1]:  ADD file:81c01921c5f642ac2fcbfae682e489e8e64b347467d9fa1587707e310e64d790 in / &#xA;&#xA;"></failure>
        </testcase>
        <testcase name="CVE-2024-31580" classname="high">
            <failure message="&#xA;  Vulnerability: CVE-2024-31580&#xA;  Severity: High&#xA;  CVSS Score: 8.7&#xA;  CVSS Version: CVSS4&#xA;  VPR Score: 1.2&#xA;  Known Exploit: No&#xA;  CVSS Attack Vector: Network&#xA;  Description: PyTorch before v2.2.0 was discovered to contain a heap buffer overflow vulnerability in the&#xA;               component /runtime/vararg_functions.cpp. This vulnerability allows attackers to cause a Denial of&#xA;               Service (DoS) via a crafted input.&#xA;  Resolution: 2.2.0&#xA;  Resolvable: Yes&#xA;  Patch: 421427&#xA;  Published Date: 2024-04-17 00:00:00&#xA;  URLs:&#xA;    https://github.com/pytorch/pytorch/commit/b5c3a17c2c207ebefcb85043f0cf94be9b2fef81&#xA;    https://gist.github.com/1047524396/038c78f2f007345e6f497698ace2aa3d&#xA;  Software:&#xA;    [1]: torch@2.0.0+cpu /home/appuser/.local/lib/python3.10/site-packages/torch-2.0.0+cpu.dist-info/METADATA&#xA;  Layers:&#xA;    [1]:  COPY --chown=appuser:appgroup /home/appuser/.local /home/appuser/.local # buildkit&#xA;&#xA;"></failure>
        </testcase>
        <testcase name="CVE-2020-10735" classname="high">
            <failure message="&#xA;  Vulnerability: CVE-2020-10735&#xA;  Severity: High&#xA;  CVSS Score: 7.5&#xA;  CVSS Version: CVSS3&#xA;  VPR Score: 3&#xA;  Known Exploit: No&#xA;  CVSS Attack Vector: Network&#xA;  Description: A flaw was found in python. In algorithms with quadratic time complexity using non-binary bases,&#xA;               when using int(&#34;text&#34;), a system could take 50ms to parse an int string with 100,000 digits and 5s&#xA;               for 1,000,000 digits (float, decimal, int.from_bytes(), and int() for binary bases 2, 4, 8, 16, and&#xA;               32 are not affected). The highest threat from this vulnerability is to system availability.&#xA;  Resolvable: No&#xA;  Patch: 223020&#xA;  Published Date: 2022-09-09 00:00:00&#xA;  URLs:&#xA;    https://github.com/Vaidehit06/wazuh-siem-lab&#xA;    https://github.com/python/cpython/issues/95778&#xA;    https://lists.fedoraproject.org/archives/list/package-announce%40lists.fedoraproject.org/message/ZEOAJWGGY55QU35UM2OVZATBW5MX2OZD/&#xA;    https://lists.fedoraproject.org/archives/list/package-announce%40lists.fedoraproject.org/message/WXF6MQ74HVIDDSR5AE2UDR24I6D4FEPC/&#xA;    https://lists.fedoraproject.org/archives/list/package-announce%40lists.fedoraproject.org/message/V7ZUJDHK7KNG6SLIFXW7MNZ6O2PUJYK6/&#xA;    https://lists.fedoraproject.org/archives/list/package-announce%40lists.fedoraproject.org/message/UBPDVCDIUCEBE7C4NAGNA2KQJYOTPBAZ/&#xA;    https://lists.fedoraproject.org/archives/list/package-announce%40lists.fedoraproject.org/message/U4ZZV4CDFRMTPDBI7C5L43RFL3XLIGUY/&#xA;    https://lists.fedoraproject.org/archives/list/package-announce%40lists.fedoraproject.org/message/TMWPRAAJS7I6U3U45V7GZVXWNSECI22M/&#xA;    https://lists.fedoraproject.org/archives/list/package-announce%40lists.fedoraproject.org/message/TD7JDDKJXK6D26XAN3YRFNM2LAJHT5UO/&#xA;    https://lists.fedoraproject.org/archives/list/package-announce%40lists.fedoraproject.org/message/SZYJSGLSCQOKXXFVJVJQAXLEOJBIWGEL/&#xA;    https://lists.fedoraproject.org/archives/list/package-announce%40lists.fedoraproject.org/message/PD7FTLJOIGMUSCDR3JAN6WRFHJEE4PH5/&#xA;    https://lists.fedoraproject.org/archives/list/package-announce%40lists.fedoraproject.org/message/OT5WQB7Z3CXOWVBD2AFAHYPA5ONYFFZ4/&#xA;    https://lists.fedoraproject.org/archives/list/package-announce%40lists.fedoraproject.org/message/OT5U223OE5ZOUHZAZYSYSWVJQIKDE73E/&#xA;    https://lists.fedoraproject.org/archives/list/package-announce%40lists.fedoraproject.org/message/OKYE2DOI2X7WZXAWTQJZAXYIWM37HDCY/&#xA;    https://lists.fedoraproject.org/archives/list/package-announce%40lists.fedoraproject.org/message/NHC6IUU7CLRQ3QLPWUXLONSG3SXFTR47/&#xA;    https://lists.fedoraproject.org/archives/list/package-announce%40lists.fedoraproject.org/message/IFGV7P2PYFBMK32OKHCAC2ZPJQV5AUDF/&#xA;    https://lists.fedoraproject.org/archives/list/package-announce%40lists.fedoraproject.org/message/HSRPVJZL6DJFWKYRHMNJB7VCEUCBKRF5/&#xA;    https://lists.fedoraproject.org/archives/list/package-announce%40lists.fedoraproject.org/message/76YE7AM37MRU76XJV4M27CWDAMUGNRYK/&#xA;    https://lists.fedoraproject.org/archives/list/package-announce%40lists.fedoraproject.org/message/6XL6E5A3I36TRR73VNBOXNIQP4AMZDFZ/&#xA;    https://lists.fedoraproject.org/archives/list/package-announce%40lists.fedoraproject.org/message/4EWKR2SPX3JORLWCXFY3KN2U5B5CIUQQ/&#xA;    https://lists.fedoraproject.org/archives/list/package-announce%40lists.fedoraproject.org/message/32AAQKABEKFCB5DDV5OONRZK6BS23HPW/&#xA;    https://lists.fedoraproject.org/archives/list/package-announce%40lists.fedoraproject.org/message/2VCU6EVQDIXNCEDJUCTFIER2WVNNDTYZ/&#xA;    https://lists.debian.org/debian-lts-announce/2024/12/msg00000.html&#xA;    https://lists.debian.org/debian-lts-announce/2024/11/msg00024.html&#xA;    https://lists.debian.org/debian-lts-announce/2023/06/msg00039.html&#xA;    https://docs.google.com/document/d/1KjuF_aXlzPUxTK4BMgezGJ2Pn7uevfX7g0_mvgHlL7Y&#xA;    https://bugzilla.redhat.com/show_bug.cgi?id=1834423&#xA;    https://access.redhat.com/security/cve/CVE-2020-10735&#xA;    http://www.openwall.com/lists/oss-security/2022/09/21/4&#xA;    http://www.openwall.com/lists/oss-security/2022/09/21/1&#xA;  Software:&#xA;    [1]: libpython3.10-minimal@3.10.12-1~22.04.18 &#xA;    [2]: libpython3.10-stdlib@3.10.12-1~22.04.18 &#xA;    [3]: python3.10@3.10.12-1~22.04.18 &#xA;    [4]: python3.10-minimal@3.10.12-1~22.04.18 &#xA;  Layers:&#xA;    [1]:  RUN |5 USER_ID=999 GROUP_ID=1099 USER_NAME=appuser GROUP_NAME=appgroup DEBIAN_FRONTEND=noninteractive /bin/sh -c apt-get update -y     &amp;&amp; apt-get upgrade -y     &amp;&amp; apt-get install -y --no-install-recommends         python3         ca-certificates         libstdc++6         libgomp1     &amp;&amp; rm -rf /var/lib/apt/lists/* # buildkit&#xA;&#xA;"></failure>
        </testcase>
        <testcase name="CVE-2025-8941" classname="high">
            <failure message="&#xA;  Vulnerability: CVE-2025-8941&#xA;  Severity: High&#xA;  CVSS Score: 7.8&#xA;  CVSS Version: CVSS3&#xA;  VPR Score: 4.9&#xA;  Known Exploit: No&#xA;  CVSS Attack Vector: Local&#xA;  Description: A flaw was found in linux-pam. The pam_namespace module may improperly handle user-controlled paths,&#xA;               allowing local users to exploit symlink attacks and race conditions to elevate their privileges to&#xA;               root. This CVE provides a &#34;complete&#34; fix for CVE-2025-6020.&#xA;  Resolvable: No&#xA;  Patch: 260020&#xA;  Published Date: 2025-08-13 00:00:00&#xA;  URLs:&#xA;    https://github.com/cwayne18/vexscan&#xA;    https://github.com/N3k0t-dev/PoC-CVE-collection&#xA;    https://bugzilla.redhat.com/show_bug.cgi?id=2388220&#xA;    https://access.redhat.com/security/cve/CVE-2025-8941&#xA;    https://access.redhat.com/errata/RHSA-2025:21885&#xA;    https://access.redhat.com/errata/RHSA-2025:18219&#xA;    https://access.redhat.com/errata/RHSA-2025:17181&#xA;    https://access.redhat.com/errata/RHSA-2025:16524&#xA;    https://access.redhat.com/errata/RHSA-2025:15828&#xA;    https://access.redhat.com/errata/RHSA-2025:15827&#xA;    https://access.redhat.com/errata/RHSA-2025:15709&#xA;    https://access.redhat.com/errata/RHSA-2025:15107&#xA;    https://access.redhat.com/errata/RHSA-2025:15106&#xA;    https://access.redhat.com/errata/RHSA-2025:15105&#xA;    https://access.redhat.com/errata/RHSA-2025:15104&#xA;    https://access.redhat.com/errata/RHSA-2025:15103&#xA;    https://access.redhat.com/errata/RHSA-2025:15102&#xA;    https://access.redhat.com/errata/RHSA-2025:15101&#xA;    https://access.redhat.com/errata/RHSA-2025:15100&#xA;    https://access.redhat.com/errata/RHSA-2025:15099&#xA;    https://access.redhat.com/errata/RHSA-2025:14557&#xA;  Software:&#xA;    [1]: libpam-modules@1.4.0-11ubuntu2.8 &#xA;    [2]: libpam-modules-bin@1.4.0-11ubuntu2.8 &#xA;    [3]: libpam-runtime@1.4.0-11ubuntu2.8 &#xA;    [4]: libpam0g@1.4.0-11ubuntu2.8 &#xA;  Layers:&#xA;    [1]:  ADD file:81c01921c5f642ac2fcbfae682e489e8e64b347467d9fa1587707e310e64d790 in / &#xA;&#xA;"></failure>
        </testcase>
        <testcase name="CVE-2026-11972" classname="high">
            <failure message="&#xA;  Vulnerability: CVE-2026-11972&#xA;  Severity: High&#xA;  CVSS Score: 8.2&#xA;  CVSS Version: CVSS4&#xA;  VPR Score: 3&#xA;  Known Exploit: No&#xA;  CVSS Attack Vector: Network&#xA;  Description: When using the &#34;tarfile&#34; module with a file opened in &#34;streaming mode&#34; (mode=&#34;r|&#34;) the tarfile&#xA;               module did not properly handle EOF, making archive parsing take exponentially longer.&#xA;  Resolvable: No&#xA;  Patch: 323936&#xA;  Published Date: 2026-06-23 00:00:00&#xA;  URLs:&#xA;    https://mail.python.org/archives/list/security-announce@python.org/thread/AXPSKKTSRKXTTJULW3XSIC74WZNAAPPB/&#xA;    https://github.com/python/cpython/pull/151982&#xA;    https://github.com/python/cpython/issues/151981&#xA;    https://github.com/python/cpython/commit/f5e2776ff0383a902c12acf2b703e7e951fc8438&#xA;    https://github.com/python/cpython/commit/f50bf13566189c8d0ce5a814f33eff3d89951896&#xA;    https://github.com/python/cpython/commit/eb63c0f94dfcbea7fda8eab6213818e134d67192&#xA;    https://github.com/python/cpython/commit/e86666c9dd256d52d0fbef6feb1ea4a51768fdec&#xA;    https://github.com/python/cpython/commit/7f0dc59c9a70f8f3b4da33d7c4a2ba552a7acc21&#xA;    https://github.com/python/cpython/commit/4ce6bf7c8aa7725828a38981c306f214c1f29365&#xA;    https://github.com/python/cpython/commit/3f031d431f80668e14f3bc066bbf4369cd9281b9&#xA;  Software:&#xA;    [1]: libpython3.10-minimal@3.10.12-1~22.04.18 &#xA;    [2]: libpython3.10-stdlib@3.10.12-1~22.04.18 &#xA;    [3]: python3.10@3.10.12-1~22.04.18 &#xA;    [4]: python3.10-minimal@3.10.12-1~22.04.18 &#xA;  Layers:&#xA;    [1]:  RUN |5 USER_ID=999 GROUP_ID=1099 USER_NAME=appuser GROUP_NAME=appgroup DEBIAN_FRONTEND=noninteractive /bin/sh -c apt-get update -y     &amp;&amp; apt-get upgrade -y     &amp;&amp; apt-get install -y --no-install-recommends         python3         ca-certificates         libstdc++6         libgomp1     &amp;&amp; rm -rf /var/lib/apt/lists/* # buildkit&#xA;&#xA;"></failure>
        </testcase>
        <testcase name="CVE-2026-54369" classname="high">
            <failure message="&#xA;  Vulnerability: CVE-2026-54369&#xA;  Severity: High&#xA;  CVSS Score: 8.4&#xA;  CVSS Version: CVSS4&#xA;  VPR Score: 4.3&#xA;  Known Exploit: No&#xA;  CVSS Attack Vector: Local&#xA;  Description: acl before version 2.4.0 contains a symlink traversal vulnerability in the libacl pathname-based&#xA;               functions acl_get_file(), acl_set_file(), acl_extended_file(), and acl_delete_def_file() that allows&#xA;               local attackers to escalate privileges by replacing any pathname component with a symbolic link.&#xA;               Attackers who control any component of a pathname processed by a privileged caller can redirect ACL&#xA;               read or write operations to arbitrary files or directories, enabling unauthorized manipulation of&#xA;               access control lists and local privilege escalation.&#xA;  Resolvable: No&#xA;  Patch: 323731&#xA;  Published Date: 2026-06-29 00:00:00&#xA;  URLs:&#xA;    https://www.vulncheck.com/advisories/acl-symlink-traversal-privilege-escalation-via-libacl-functions&#xA;    https://security.access.redhat.com/data/csaf/v2/vex/2026/cve-2026-54369.json&#xA;    https://cgit.git.savannah.nongnu.org/cgit/acl.git/commit/?id=3589787cd589b34bdd9265936e17190b6d3f17d1&#xA;    https://cgit.git.savannah.nongnu.org/cgit/acl.git/commit/?id=24a227d0ab8576612194f8a56c2314389adc74a5&#xA;    https://bugzilla.redhat.com/show_bug.cgi?id=2490277&#xA;    https://access.redhat.com/security/cve/CVE-2026-54369&#xA;    https://access.redhat.com/errata/RHSA-2026:67144&#xA;    https://access.redhat.com/errata/RHSA-2026:67142&#xA;    https://access.redhat.com/errata/RHSA-2026:67140&#xA;    https://access.redhat.com/errata/RHSA-2026:64805&#xA;    https://access.redhat.com/errata/RHSA-2026:58981&#xA;    https://access.redhat.com/errata/RHSA-2026:54769&#xA;    https://access.redhat.com/errata/RHSA-2026:53371&#xA;    https://access.redhat.com/errata/RHSA-2026:50205&#xA;    https://access.redhat.com/errata/RHSA-2026:46836&#xA;    https://access.redhat.com/errata/RHSA-2026:44481&#xA;    https://access.redhat.com/errata/RHSA-2026:43420&#xA;    https://access.redhat.com/errata/RHSA-2026:42739&#xA;    https://access.redhat.com/errata/RHSA-2026:42736&#xA;    https://access.redhat.com/errata/RHSA-2026:34351&#xA;  Software:&#xA;    [1]: libacl1@2.3.1-1 &#xA;  Layers:&#xA;    [1]:  ADD file:81c01921c5f642ac2fcbfae682e489e8e64b347467d9fa1587707e310e64d790 in / &#xA;&#xA;"></failure>
        </testcase>
        <testcase name="CVE-2026-76642" classname="high">
            <failure message="&#xA;  Vulnerability: CVE-2026-76642&#xA;  Severity: High&#xA;  CVSS Score: 8.5&#xA;  CVSS Version: CVSS4&#xA;  VPR Score: 6.9&#xA;  Known Exploit: No&#xA;  CVSS Attack Vector: Local&#xA;  Description: util-linux versions through 2.41.5 and 2.42.2 fail to check mount helper exit status before running&#xA;               post-mount hooks, allowing unprivileged users to execute privileged operations on pre-existing&#xA;               filesystems. Attackers can exploit X-mount.idmap or X-mount.owner hooks to clone filesystems with&#xA;               inherited suid bits or modify target inode permissions after a helper fails, achieving privilege&#xA;               escalation.&#xA;  Resolvable: No&#xA;  Patch: 342409&#xA;  Published Date: 2026-09-03 00:00:00&#xA;  URLs:&#xA;    https://www.vulncheck.com/advisories/util-linux-libmount-privilege-escalation-via-failed-mount-helper&#xA;    https://github.com/util-linux/util-linux/security/advisories/GHSA-m25x-3hj9-m26f&#xA;    https://github.com/util-linux/util-linux/commit/f57cea130839c0af8dc0525274267ae4cfd66bbf&#xA;    https://github.com/util-linux/util-linux/commit/a15c00a9e545aa8b9cf6ec0f888ff6c7b3eaeedc&#xA;    https://github.com/util-linux/util-linux/commit/1d14676ea70003e9f5b2a6a76af0cadb1190411a&#xA;    https://github.com/util-linux/util-linux/blob/v2.42.2/libmount/src/context_mount.c#L892&#xA;    https://github.com/util-linux/util-linux/blob/v2.42.2/libmount/src/context_mount.c#L476&#xA;    https://github.com/util-linux/util-linux&#xA;  Software:&#xA;    [1]: bsdutils@1:2.37.2-4ubuntu3.6 &#xA;    [2]: libblkid1@2.37.2-4ubuntu3.6 &#xA;    [3]: libmount1@2.37.2-4ubuntu3.6 &#xA;    [4]: libsmartcols1@2.37.2-4ubuntu3.6 &#xA;    [5]: libuuid1@2.37.2-4ubuntu3.6 &#xA;    [6]: mount@2.37.2-4ubuntu3.6 &#xA;    [7]: util-linux@2.37.2-4ubuntu3.6 &#xA;  Layers:&#xA;    [1]:  ADD file:81c01921c5f642ac2fcbfae682e489e8e64b347467d9fa1587707e310e64d790 in / &#xA;&#xA;"></failure>
        </testcase>
        <testcase name="CVE-2026-84366" classname="high">
            <failure message="&#xA;  Vulnerability: CVE-2026-84366&#xA;  Severity: High&#xA;  CVSS Score: 7.4&#xA;  CVSS Version: CVSS3&#xA;  VPR Score: 4.3&#xA;  Known Exploit: No&#xA;  CVSS Attack Vector: Network&#xA;  Description: Scrapy is a high-level web crawling and scraping framework for Python. Prior to 2.17.0, in&#xA;               scrapy/core/downloader/handlers/s3.py, Scrapy&#39;s S3DownloadHandler converts an S3-scheme bucket and&#xA;               key request into a plaintext HTTP request to the corresponding S3 endpoint unless&#xA;               request.meta[&#34;is_secure&#34;] is explicitly enabled, then signs and sends the plaintext request with&#xA;               configured AWS credentials. A network attacker who can observe traffic between Scrapy and S3 can&#xA;               read the bucket and key path, AWS Authorization header, X-Amz-Security-Token when temporary&#xA;               credentials are used, S3 object contents, and S3 response headers. An active man-in-the-middle&#xA;               attacker can also modify the plaintext S3 response body, status code, and headers before Scrapy&#xA;               processes them, causing scraped-data poisoning, poisoned exports, HTTP cache poisoning when caching&#xA;               is enabled, or influence over later crawl targets through forged redirects or attacker-controlled&#xA;               links. Users making S3-scheme requests with AWS credentials are affected. This issue is fixed in&#xA;               version 2.17.0.&#xA;  Resolvable: No&#xA;  Patch: 342558&#xA;  Published Date: 2026-09-01 00:00:00&#xA;  URLs:&#xA;    https://github.com/scrapy/scrapy/security/advisories/GHSA-76g3-c3x4-crvx&#xA;    https://github.com/scrapy/scrapy/releases/tag/2.17.0&#xA;    https://github.com/scrapy/scrapy/commit/9523e1ec8c41fde265a26d14563d178b6f1ad04b&#xA;  Software:&#xA;    [1]: libpython3.10-minimal@3.10.12-1~22.04.18 &#xA;    [2]: libpython3.10-stdlib@3.10.12-1~22.04.18 &#xA;    [3]: python3.10@3.10.12-1~22.04.18 &#xA;    [4]: python3.10-minimal@3.10.12-1~22.04.18 &#xA;  Layers:&#xA;    [1]:  RUN |5 USER_ID=999 GROUP_ID=1099 USER_NAME=appuser GROUP_NAME=appgroup DEBIAN_FRONTEND=noninteractive /bin/sh -c apt-get update -y     &amp;&amp; apt-get upgrade -y     &amp;&amp; apt-get install -y --no-install-recommends         python3         ca-certificates         libstdc++6         libgomp1     &amp;&amp; rm -rf /var/lib/apt/lists/* # buildkit&#xA;&#xA;"></failure>
        </testcase>
        <testcase name="CVE-2026-40224" classname="high">
            <failure message="&#xA;  Vulnerability: CVE-2026-40224&#xA;  Severity: High&#xA;  CVSS Score: 7.3&#xA;  CVSS Version: CVSS3&#xA;  VPR Score: 4.9&#xA;  Known Exploit: No&#xA;  CVSS Attack Vector: Local&#xA;  Description: In systemd 259 before 260, there is local privilege escalation in systemd-machined because varlink&#xA;               can be used to reach the root namespace.&#xA;  Resolvable: No&#xA;  Patch: 306376&#xA;  Published Date: 2026-04-10 00:00:00&#xA;  URLs:&#xA;    https://github.com/systemd/systemd/security/advisories/GHSA-6pwp-j5vg-5j6m&#xA;  Software:&#xA;    [1]: libsystemd0@249.11-0ubuntu3.22 &#xA;    [2]: libudev1@249.11-0ubuntu3.22 &#xA;  Layers:&#xA;    [1]:  ADD file:81c01921c5f642ac2fcbfae682e489e8e64b347467d9fa1587707e310e64d790 in / &#xA;&#xA;"></failure>
        </testcase>
        <testcase name="CVE-2026-9538" classname="high">
            <failure message="&#xA;  Vulnerability: CVE-2026-9538&#xA;  Severity: High&#xA;  CVSS Score: 7.5&#xA;  CVSS Version: CVSS3&#xA;  VPR Score: 3&#xA;  Known Exploit: No&#xA;  CVSS Attack Vector: Network&#xA;  Description: Archive::Tar versions before 3.10 for Perl allow memory exhaustion via attacker controlled entry&#xA;               size field in tar header. _read_tar() reads each entry&#39;s payload with $handle-&gt;read($$data, $block),&#xA;               where $block is derived from the entry&#39;s 12-byte size field in the tar header with no upper bound on&#xA;               that value. A crafted header declaring a multi-gigabyte size causes Perl to allocate a scalar of&#xA;               that size.&#xA;  Resolvable: No&#xA;  Patch: 316803&#xA;  Published Date: 2026-05-26 00:00:00&#xA;  URLs:&#xA;    https://metacpan.org/release/BINGOS/Archive-Tar-3.10/changes&#xA;    https://github.com/jib/archive-tar-new/commit/f9af01426038e29d9578825a0cd3626946ab08c7.patch&#xA;    http://www.openwall.com/lists/oss-security/2026/05/26/4&#xA;  Software:&#xA;    [1]: perl-base@5.34.0-3ubuntu1.9 &#xA;  Layers:&#xA;    [1]:  RUN |5 USER_ID=999 GROUP_ID=1099 USER_NAME=appuser GROUP_NAME=appgroup DEBIAN_FRONTEND=noninteractive /bin/sh -c apt-get update -y     &amp;&amp; apt-get upgrade -y     &amp;&amp; apt-get install -y --no-install-recommends         python3         ca-certificates         libstdc++6         libgomp1     &amp;&amp; rm -rf /var/lib/apt/lists/* # buildkit&#xA;&#xA;"></failure>
        </testcase>
        <testcase name="CVE-2026-78410" classname="high">
            <failure message="&#xA;  Vulnerability: CVE-2026-78410&#xA;  Severity: High&#xA;  CVSS Score: 7.8&#xA;  CVSS Version: CVSS3&#xA;  VPR Score: 6.9&#xA;  Known Exploit: No&#xA;  CVSS Attack Vector: Local&#xA;  Description: A flaw was found in util-linux. Restricted bind mounts take the source path from fstab but do not&#xA;               pin that source before the privileged mount. A local unprivileged user who can replace the&#xA;               authorized source or a writable ancestor can redirect SUID mount(8) to bind another host directory.&#xA;               If the fstab entry also sets X-mount.owner, X-mount.group, or X-mount.mode, root then changes&#xA;               ownership or mode on that redirected inode.&#xA;  Resolvable: No&#xA;  Patch: 342392&#xA;  Published Date: 2026-09-02 00:00:00&#xA;  URLs:&#xA;    https://github.com/util-linux/util-linux/security/advisories/GHSA-rh77-686x-2f2m&#xA;    https://bugzilla.redhat.com/show_bug.cgi?id=2522684&#xA;    https://access.redhat.com/security/cve/CVE-2026-78410&#xA;    https://access.redhat.com/errata/RHSA-2026:63162&#xA;  Software:&#xA;    [1]: bsdutils@1:2.37.2-4ubuntu3.6 &#xA;    [2]: libblkid1@2.37.2-4ubuntu3.6 &#xA;    [3]: libmount1@2.37.2-4ubuntu3.6 &#xA;    [4]: libsmartcols1@2.37.2-4ubuntu3.6 &#xA;    [5]: libuuid1@2.37.2-4ubuntu3.6 &#xA;    [6]: mount@2.37.2-4ubuntu3.6 &#xA;    [7]: util-linux@2.37.2-4ubuntu3.6 &#xA;  Layers:&#xA;    [1]:  ADD file:81c01921c5f642ac2fcbfae682e489e8e64b347467d9fa1587707e310e64d790 in / &#xA;&#xA;"></failure>
        </testcase>
        <testcase name="CVE-2016-20013" classname="high">
            <failure message="&#xA;  Vulnerability: CVE-2016-20013&#xA;  Severity: High&#xA;  CVSS Score: 7.5&#xA;  CVSS Version: CVSS3&#xA;  VPR Score: 3&#xA;  Known Exploit: Yes&#xA;  CVSS Attack Vector: Network&#xA;  Description: sha256crypt and sha512crypt through 0.6 allow attackers to cause a denial of service (CPU&#xA;               consumption) because the algorithm&#39;s runtime is proportional to the square of the length of the&#xA;               password.&#xA;  Resolvable: No&#xA;  Patch: 260873&#xA;  Published Date: 2022-02-19 00:00:00&#xA;  URLs:&#xA;    https://github.com/tl87/container-scanner&#xA;    https://twitter.com/solardiz/status/795601240151457793&#xA;  Software:&#xA;    [1]: libc-bin@2.35-0ubuntu3.15 &#xA;    [2]: libc6@2.35-0ubuntu3.15 &#xA;  Layers:&#xA;    [1]:  RUN |5 USER_ID=999 GROUP_ID=1099 USER_NAME=appuser GROUP_NAME=appgroup DEBIAN_FRONTEND=noninteractive /bin/sh -c apt-get update -y     &amp;&amp; apt-get upgrade -y     &amp;&amp; apt-get install -y --no-install-recommends         python3         ca-certificates         libstdc++6         libgomp1     &amp;&amp; rm -rf /var/lib/apt/lists/* # buildkit&#xA;&#xA;"></failure>
        </testcase>
        <testcase name="CVE-2026-4372" classname="high">
            <failure message="&#xA;  Vulnerability: CVE-2026-4372&#xA;  Severity: High&#xA;  CVSS Score: 7.8&#xA;  CVSS Version: CVSS3&#xA;  VPR Score: 7.6&#xA;  Known Exploit: Yes&#xA;  CVSS Attack Vector: Local&#xA;  Description: A critical remote code execution vulnerability exists in all versions of the HuggingFace&#xA;               transformers library prior to version 5.3.0. The vulnerability allows an attacker to craft a&#xA;               malicious `config.json` file containing the `_attn_implementation_internal` field set to an&#xA;               attacker-controlled HuggingFace Hub repository ID. When a victim loads this model using the standard&#xA;               `AutoModelForCausalLM.from_pretrained()` API, the library downloads and executes arbitrary Python&#xA;               code from the attacker&#39;s repository with the victim&#39;s full OS privileges. This issue arises due to&#xA;               unfiltered deserialization of configuration attributes, insufficient sanitization of internal&#xA;               fields, and unsandboxed execution of downloaded kernels. The vulnerability bypasses the&#xA;               `trust_remote_code` security mechanism, is invisible to the victim, and exploits the standard&#xA;               documented usage pattern, making it particularly severe. Users are advised to upgrade to version&#xA;               5.3.0 or later to mitigate this issue.&#xA;  Resolution: 5.3.0&#xA;  Resolvable: Yes&#xA;  Patch: 444242&#xA;  Published Date: 2026-05-24 00:00:00&#xA;  URLs:&#xA;    https://github.com/bndxn/cve-awareness&#xA;    https://huntr.com/bounties/1f693a6e-6836-4b8b-a0bd-ca036fba8884&#xA;    https://github.com/huggingface/transformers/commit/a7f8e7ff37d87d1a1a0c8cf607971c607741452f&#xA;  Software:&#xA;    [1]: transformers@4.48.0 /home/appuser/.local/lib/python3.10/site-packages/transformers-4.48.0.dist-info/METADATA&#xA;  Layers:&#xA;    [1]:  COPY --chown=appuser:appgroup /home/appuser/.local /home/appuser/.local # buildkit&#xA;&#xA;"></failure>
        </testcase>
        <testcase name="CVE-2026-2100" classname="high">
            <failure message="&#xA;  Vulnerability: CVE-2026-2100&#xA;  Severity: High&#xA;  CVSS Score: 7.5&#xA;  CVSS Version: CVSS3&#xA;  VPR Score: 3&#xA;  Known Exploit: No&#xA;  CVSS Attack Vector: Network&#xA;  Description: A flaw was found in p11-kit. A remote attacker could exploit this vulnerability by calling the&#xA;               C_DeriveKey function on a remote token with specific IBM kyber or IBM btc derive mechanism&#xA;               parameters set to NULL. This could lead to the RPC-client attempting to return an uninitialized&#xA;               value, potentially resulting in a NULL dereference or undefined behavior. This issue may cause an&#xA;               application level denial of service or other unpredictable system states.&#xA;  Resolvable: No&#xA;  Patch: 298199&#xA;  Published Date: 2026-03-26 00:00:00&#xA;  URLs:&#xA;    https://github.com/p11-glue/p11-kit/releases/tag/0.26.2&#xA;    https://github.com/p11-glue/p11-kit/pull/740&#xA;    https://bugzilla.redhat.com/show_bug.cgi?id=2437308&#xA;    https://access.redhat.com/security/cve/CVE-2026-2100&#xA;    https://access.redhat.com/errata/RHSA-2026:7065&#xA;    https://access.redhat.com/errata/RHSA-2026:58981&#xA;    https://access.redhat.com/errata/RHSA-2026:27998&#xA;    https://access.redhat.com/errata/RHSA-2026:22634&#xA;    https://access.redhat.com/errata/RHSA-2026:21275&#xA;    https://access.redhat.com/errata/RHSA-2026:18599&#xA;    https://access.redhat.com/errata/RHSA-2026:18143&#xA;  Software:&#xA;    [1]: libp11-kit0@0.24.0-6ubuntu0.1 &#xA;  Layers:&#xA;    [1]:  ADD file:81c01921c5f642ac2fcbfae682e489e8e64b347467d9fa1587707e310e64d790 in / &#xA;&#xA;"></failure>
        </testcase>
        <testcase name="CVE-2026-1584" classname="high">
            <failure message="&#xA;  Vulnerability: CVE-2026-1584&#xA;  Severity: High&#xA;  CVSS Score: 7.5&#xA;  CVSS Version: CVSS3&#xA;  VPR Score: 3&#xA;  Known Exploit: No&#xA;  CVSS Attack Vector: Network&#xA;  Description: A flaw was found in gnutls. A remote, unauthenticated attacker can exploit this vulnerability by&#xA;               sending a specially crafted ClientHello message with an invalid Pre-Shared Key (PSK) binder value&#xA;               during the TLS handshake. This can lead to a NULL pointer dereference, causing the server to crash&#xA;               and resulting in a remote Denial of Service (DoS) condition.&#xA;  Resolvable: No&#xA;  Patch: 298449&#xA;  Published Date: 2026-04-09 00:00:00&#xA;  URLs:&#xA;    https://security.access.redhat.com/data/csaf/v2/vex/2026/cve-2026-1584.json&#xA;    https://bugzilla.redhat.com/show_bug.cgi?id=2435258&#xA;    https://access.redhat.com/security/cve/CVE-2026-1584&#xA;    https://access.redhat.com/errata/RHSA-2026:7477&#xA;  Software:&#xA;    [1]: libgnutls30@3.7.3-4ubuntu1.9 &#xA;  Layers:&#xA;    [1]:  ADD file:81c01921c5f642ac2fcbfae682e489e8e64b347467d9fa1587707e310e64d790 in / &#xA;&#xA;"></failure>
        </testcase>
        <testcase name="CVE-2026-45186" classname="high">
            <failure message="&#xA;  Vulnerability: CVE-2026-45186&#xA;  Severity: High&#xA;  CVSS Score: 7.5&#xA;  CVSS Version: CVSS3&#xA;  VPR Score: 3&#xA;  Known Exploit: Yes&#xA;  CVSS Attack Vector: Network&#xA;  Description: In libexpat before 2.8.1, the computational complexity of attribute name collision checks allows a&#xA;               denial of service via moderately sized crafted XML input.&#xA;  Resolvable: No&#xA;  Patch: 313709&#xA;  Published Date: 2026-05-10 00:00:00&#xA;  URLs:&#xA;    https://security.access.redhat.com/data/csaf/v2/vex/2026/cve-2026-45186.json&#xA;    https://github.com/libexpat/libexpat/pull/1216&#xA;    https://cert-portal.siemens.com/productcert/html/ssa-082556.html&#xA;    https://bugzilla.redhat.com/show_bug.cgi?id=2468575&#xA;    https://access.redhat.com/security/cve/CVE-2026-45186&#xA;    https://access.redhat.com/errata/RHSA-2026:58981&#xA;    https://access.redhat.com/errata/RHSA-2026:29197&#xA;    https://access.redhat.com/errata/RHSA-2026:27201&#xA;    https://access.redhat.com/errata/RHSA-2026:26319&#xA;    https://access.redhat.com/errata/RHSA-2026:23230&#xA;    https://access.redhat.com/errata/RHSA-2026:22721&#xA;    https://access.redhat.com/errata/RHSA-2026:22715&#xA;    http://www.openwall.com/lists/oss-security/2026/05/11/16&#xA;  Software:&#xA;    [1]: libexpat1@2.4.7-1ubuntu0.7 &#xA;  Layers:&#xA;    [1]:  RUN |5 USER_ID=999 GROUP_ID=1099 USER_NAME=appuser GROUP_NAME=appgroup DEBIAN_FRONTEND=noninteractive /bin/sh -c apt-get update -y     &amp;&amp; apt-get upgrade -y     &amp;&amp; apt-get install -y --no-install-recommends         python3         ca-certificates         libstdc++6         libgomp1     &amp;&amp; rm -rf /var/lib/apt/lists/* # buildkit&#xA;&#xA;"></failure>
        </testcase>
        <testcase name="CVE-2024-41996" classname="high">
            <failure message="&#xA;  Vulnerability: CVE-2024-41996&#xA;  Severity: High&#xA;  CVSS Score: 7.5&#xA;  CVSS Version: CVSS3&#xA;  VPR Score: 3&#xA;  Known Exploit: No&#xA;  CVSS Attack Vector: Network&#xA;  Description: Validating the order of the public keys in the Diffie-Hellman Key Agreement Protocol, when an&#xA;               approved safe prime is used, allows remote attackers (from the client side) to trigger unnecessarily&#xA;               expensive server-side DHE modular-exponentiation calculations. The client may cause asymmetric&#xA;               resource consumption. The basic attack scenario is that the client must claim that it can only&#xA;               communicate with DHE, and the server must be configured to allow DHE and validate the order of the&#xA;               public key.&#xA;  Resolvable: No&#xA;  Patch: 228387&#xA;  Published Date: 2024-08-26 00:00:00&#xA;  URLs:&#xA;    https://github.com/anubisalpha/wazuh-ubuntu-cve-disposition&#xA;    https://www.cisa.gov/news-events/ics-advisories/icsa-26-071-03&#xA;    https://cert-portal.siemens.com/productcert/html/ssa-485750.html&#xA;    https://www.cisa.gov/news-events/ics-advisories/icsa-26-043-06&#xA;    https://gist.github.com/c0r0n3r/abccc14d4d96c0442f3a77fa5ca255d1&#xA;    https://dheatattack.gitlab.io/faq/&#xA;    https://dheatattack.gitlab.io/details/&#xA;    https://cert-portal.siemens.com/productcert/html/ssa-265688.html&#xA;    https://cert-portal.siemens.com/productcert/html/ssa-089022.html&#xA;  Software:&#xA;    [1]: libssl3@3.0.2-0ubuntu1.29 &#xA;    [2]: openssl@3.0.2-0ubuntu1.29 &#xA;  Layers:&#xA;    [1]:  ADD file:81c01921c5f642ac2fcbfae682e489e8e64b347467d9fa1587707e310e64d790 in / &#xA;    [2]:  RUN |5 USER_ID=999 GROUP_ID=1099 USER_NAME=appuser GROUP_NAME=appgroup DEBIAN_FRONTEND=noninteractive /bin/sh -c apt-get update -y     &amp;&amp; apt-get upgrade -y     &amp;&amp; apt-get install -y --no-install-recommends         python3         ca-certificates         libstdc++6         libgomp1     &amp;&amp; rm -rf /var/lib/apt/lists/* # buildkit&#xA;&#xA;"></failure>
        </testcase>
        <testcase name="CVE-2018-5709" classname="high">
            <failure message="&#xA;  Vulnerability: CVE-2018-5709&#xA;  Severity: High&#xA;  CVSS Score: 7.5&#xA;  CVSS Version: CVSS3&#xA;  VPR Score: 3&#xA;  Known Exploit: No&#xA;  CVSS Attack Vector: Network&#xA;  Description: An issue was discovered in MIT Kerberos 5 (aka krb5) through 1.16. There is a variable&#xA;               &#34;dbentry-&gt;n_key_data&#34; in kadmin/dbutil/dump.c that can store 16-bit data but unknowingly the&#xA;               developer has assigned a &#34;u4&#34; variable to it, which is for 32-bit data. An attacker can use this&#xA;               vulnerability to affect other artifacts of the database as we know that a Kerberos database dump&#xA;               file contains trusted data.&#xA;  Resolvable: No&#xA;  Patch: 251900&#xA;  Published Date: 2018-01-16 00:00:00&#xA;  URLs:&#xA;    https://lists.apache.org/thread.html/rf9fa47ab66495c78bb4120b0754dd9531ca2ff0430f6685ac9b07772%40%3Cdev.mina.apache.org%3E&#xA;    https://github.com/poojamnit/Kerberos-V5-1.16-Vulnerabilities/tree/master/Integer%20Overflow&#xA;  Software:&#xA;    [1]: libgssapi-krb5-2@1.19.2-2ubuntu0.10 &#xA;    [2]: libk5crypto3@1.19.2-2ubuntu0.10 &#xA;    [3]: libkrb5-3@1.19.2-2ubuntu0.10 &#xA;    [4]: libkrb5support0@1.19.2-2ubuntu0.10 &#xA;  Layers:&#xA;    [1]:  RUN |5 USER_ID=999 GROUP_ID=1099 USER_NAME=appuser GROUP_NAME=appgroup DEBIAN_FRONTEND=noninteractive /bin/sh -c apt-get update -y     &amp;&amp; apt-get upgrade -y     &amp;&amp; apt-get install -y --no-install-recommends         python3         ca-certificates         libstdc++6         libgomp1     &amp;&amp; rm -rf /var/lib/apt/lists/* # buildkit&#xA;&#xA;"></failure>
        </testcase>
        <testcase name="CVE-2025-6921" classname="high">
            <failure message="&#xA;  Vulnerability: CVE-2025-6921&#xA;  Severity: High&#xA;  CVSS Score: 7.5&#xA;  CVSS Version: CVSS3&#xA;  VPR Score: 3&#xA;  Known Exploit: Yes&#xA;  CVSS Attack Vector: Network&#xA;  Description: The huggingface/transformers library, versions prior to 4.53.0, is vulnerable to Regular Expression&#xA;               Denial of Service (ReDoS) in the AdamWeightDecay optimizer. The vulnerability arises from the&#xA;               _do_use_weight_decay method, which processes user-controlled regular expressions in the&#xA;               include_in_weight_decay and exclude_from_weight_decay lists. Malicious regular expressions can cause&#xA;               catastrophic backtracking during the re.search call, leading to 100% CPU utilization and a denial of&#xA;               service. This issue can be exploited by attackers who can control the patterns in these lists,&#xA;               potentially causing the machine learning task to hang and rendering services unresponsive.&#xA;  Resolution: 4.53.0&#xA;  Resolvable: Yes&#xA;  Patch: 435404&#xA;  Published Date: 2025-09-23 00:00:00&#xA;  URLs:&#xA;    https://github.com/advisories/GHSA-4w7r-h757-3r74&#xA;    https://huntr.com/bounties/287d15a7-6e7c-45d2-8c05-11e305776f1f&#xA;    https://github.com/huggingface/transformers/commit/47c34fba5c303576560cb29767efb452ff12b8be&#xA;  Software:&#xA;    [1]: transformers@4.48.0 /home/appuser/.local/lib/python3.10/site-packages/transformers-4.48.0.dist-info/METADATA&#xA;  Layers:&#xA;    [1]:  COPY --chown=appuser:appgroup /home/appuser/.local /home/appuser/.local # buildkit&#xA;&#xA;"></failure>
        </testcase>
        <testcase name="CVE-2026-48962" classname="high">
            <failure message="&#xA;  Vulnerability: CVE-2026-48962&#xA;  Severity: High&#xA;  CVSS Score: 7.8&#xA;  CVSS Version: CVSS3&#xA;  VPR Score: 6.9&#xA;  Known Exploit: Yes&#xA;  CVSS Attack Vector: Local&#xA;  Description: IO::Compress versions before 2.220 for Perl can execute arbitrary code in File::GlobMapper via an&#xA;               attacker-controlled output glob. _parseOutputGlob() wraps the caller-supplied output glob string in&#xA;               double quotes and stores it in the parser state; _getFiles() then runs the stored expression through&#xA;               eval STRING. A literal double quote in the output glob closes the dquote wrapper, and the characters&#xA;               that follow are evaluated as Perl. Arbitrary Perl in the output glob executes at the calling&#xA;               process&#39;s privilege.&#xA;  Resolvable: No&#xA;  Patch: 317087&#xA;  Published Date: 2026-05-27 00:00:00&#xA;  URLs:&#xA;    https://security.access.redhat.com/data/csaf/v2/vex/2026/cve-2026-48962.json&#xA;    https://metacpan.org/release/PMQS/IO-Compress-2.220/changes&#xA;    https://github.com/pmqs/IO-Compress/commit/f2db247bf90d4cc7ee2710be384946081f3b4610.patch&#xA;    https://bugzilla.redhat.com/show_bug.cgi?id=2481767&#xA;    https://access.redhat.com/security/cve/CVE-2026-48962&#xA;    https://access.redhat.com/errata/RHSA-2026:50262&#xA;    https://access.redhat.com/errata/RHSA-2026:30860&#xA;    https://access.redhat.com/errata/RHSA-2026:30859&#xA;    https://access.redhat.com/errata/RHSA-2026:30858&#xA;    https://access.redhat.com/errata/RHSA-2026:30851&#xA;    https://access.redhat.com/errata/RHSA-2026:30843&#xA;    https://access.redhat.com/errata/RHSA-2026:30115&#xA;    https://access.redhat.com/errata/RHSA-2026:30086&#xA;    https://access.redhat.com/errata/RHSA-2026:30085&#xA;    https://access.redhat.com/errata/RHSA-2026:29941&#xA;    https://access.redhat.com/errata/RHSA-2026:29867&#xA;    https://access.redhat.com/errata/RHSA-2026:29210&#xA;    https://access.redhat.com/errata/RHSA-2026:29182&#xA;    http://www.openwall.com/lists/oss-security/2026/05/27/4&#xA;  Software:&#xA;    [1]: perl-base@5.34.0-3ubuntu1.9 &#xA;  Layers:&#xA;    [1]:  RUN |5 USER_ID=999 GROUP_ID=1099 USER_NAME=appuser GROUP_NAME=appgroup DEBIAN_FRONTEND=noninteractive /bin/sh -c apt-get update -y     &amp;&amp; apt-get upgrade -y     &amp;&amp; apt-get install -y --no-install-recommends         python3         ca-certificates         libstdc++6         libgomp1     &amp;&amp; rm -rf /var/lib/apt/lists/* # buildkit&#xA;&#xA;"></failure>
        </testcase>
        <testcase name="CVE-2026-78409" classname="high">
            <failure message="&#xA;  Vulnerability: CVE-2026-78409&#xA;  Severity: High&#xA;  CVSS Score: 7&#xA;  CVSS Version: CVSS3&#xA;  VPR Score: 6.9&#xA;  Known Exploit: No&#xA;  CVSS Attack Vector: Local&#xA;  Description: The X-mount.subdir option uses a detached-tree fast path on Linux 6.15 and later and passes the&#xA;               configured subdirectory to open_tree() with AT_SYMLINK_NOFOLLOW. That flag does not stop&#xA;               intermediate symlink traversal or keep resolution inside the newly mounted filesystem. A local&#xA;               unprivileged user with an fstab-authorized X-mount.subdir entry can attach a host path at the&#xA;               intended mountpoint.&#xA;  Resolvable: No&#xA;  Patch: 342606&#xA;  Published Date: 2026-09-02 00:00:00&#xA;  URLs:&#xA;    https://github.com/util-linux/util-linux/security/advisories/GHSA-8f2p-47x3-43mv&#xA;    https://bugzilla.redhat.com/show_bug.cgi?id=2522607&#xA;    https://access.redhat.com/security/cve/CVE-2026-78409&#xA;    https://access.redhat.com/errata/RHSA-2026:63162&#xA;  Software:&#xA;    [1]: bsdutils@1:2.37.2-4ubuntu3.6 &#xA;    [2]: libblkid1@2.37.2-4ubuntu3.6 &#xA;    [3]: libmount1@2.37.2-4ubuntu3.6 &#xA;    [4]: libsmartcols1@2.37.2-4ubuntu3.6 &#xA;    [5]: libuuid1@2.37.2-4ubuntu3.6 &#xA;    [6]: mount@2.37.2-4ubuntu3.6 &#xA;    [7]: util-linux@2.37.2-4ubuntu3.6 &#xA;  Layers:&#xA;    [1]:  ADD file:81c01921c5f642ac2fcbfae682e489e8e64b347467d9fa1587707e310e64d790 in / &#xA;&#xA;"></failure>
        </testcase>
        <testcase name="CVE-2026-3298" classname="high">
            <failure message="&#xA;  Vulnerability: CVE-2026-3298&#xA;  Severity: High&#xA;  CVSS Score: 8.8&#xA;  CVSS Version: CVSS4&#xA;  VPR Score: 4.9&#xA;  Known Exploit: No&#xA;  CVSS Attack Vector: Network&#xA;  Description: The method &#34;sock_recvfrom_into()&#34; of &#34;asyncio.ProacterEventLoop&#34; (Windows only) was missing a&#xA;               boundary check for the data buffer when using nbytes parameter. This allowed for an out-of-bounds&#xA;               buffer write if data was larger than the buffer size. Non-Windows platforms are not affected.&#xA;  Resolvable: No&#xA;  Patch: 310827&#xA;  Published Date: 2026-04-21 00:00:00&#xA;  URLs:&#xA;    https://mail.python.org/archives/list/security-announce@python.org/thread/KWTPIQBOOOUNQP7UFSLBI437NJDFLA3F/&#xA;    https://github.com/python/cpython/pull/148809&#xA;    https://github.com/python/cpython/issues/148808&#xA;    https://github.com/python/cpython/commit/f5ca38739241fe7a40a4b116d5a8a1364dd6fea7&#xA;    https://github.com/python/cpython/commit/95633d2aad4721e25e4dfd9f43dfb6e1edcbd741&#xA;    https://github.com/python/cpython/commit/6c8b85b3f1d83d5697ec19880960e1eacee56688&#xA;    https://github.com/python/cpython/commit/27522b7d6e6588f03e61099dd858cd5a9314e2f2&#xA;    https://github.com/python/cpython/commit/1274766d3c29007ab77245a72abbf8dce2a9db4d&#xA;  Software:&#xA;    [1]: libpython3.10-minimal@3.10.12-1~22.04.18 &#xA;    [2]: libpython3.10-stdlib@3.10.12-1~22.04.18 &#xA;    [3]: python3.10@3.10.12-1~22.04.18 &#xA;    [4]: python3.10-minimal@3.10.12-1~22.04.18 &#xA;  Layers:&#xA;    [1]:  RUN |5 USER_ID=999 GROUP_ID=1099 USER_NAME=appuser GROUP_NAME=appgroup DEBIAN_FRONTEND=noninteractive /bin/sh -c apt-get update -y     &amp;&amp; apt-get upgrade -y     &amp;&amp; apt-get install -y --no-install-recommends         python3         ca-certificates         libstdc++6         libgomp1     &amp;&amp; rm -rf /var/lib/apt/lists/* # buildkit&#xA;&#xA;"></failure>
        </testcase>
        <testcase name="CVE-2026-48959" classname="high">
            <failure message="&#xA;  Vulnerability: CVE-2026-48959&#xA;  Severity: High&#xA;  CVSS Score: 7.5&#xA;  CVSS Version: CVSS3&#xA;  VPR Score: 3&#xA;  Known Exploit: No&#xA;  CVSS Attack Vector: Network&#xA;  Description: IO::Uncompress::Unzip versions before 2.220 for Perl allow CPU exhaustion via per-byte read loop in&#xA;               fastForward. fastForward() compares length $offset (the digit count of the offset, 1 to 19) against&#xA;               the chunk size $c instead of $offset itself, so $c shrinks from 16 KiB to 1-19 bytes per iteration.&#xA;               Extracting a named entry from an attacker supplied zip via IO::Uncompress::Unzip-&gt;new($zip, Name =&gt;&#xA;               $target) drives a per-byte read loop scaling with the entry&#39;s compressed size, up to the non-Zip64 4&#xA;               GiB cap.&#xA;  Resolvable: No&#xA;  Patch: 317086&#xA;  Published Date: 2026-05-27 00:00:00&#xA;  URLs:&#xA;    https://metacpan.org/release/PMQS/IO-Compress-2.220/changes&#xA;    https://github.com/pmqs/IO-Compress/commit/68db44076f4c1a86a2ffe53a958eac6cabaf72e2.patch&#xA;    http://www.openwall.com/lists/oss-security/2026/05/27/2&#xA;  Software:&#xA;    [1]: perl-base@5.34.0-3ubuntu1.9 &#xA;  Layers:&#xA;    [1]:  RUN |5 USER_ID=999 GROUP_ID=1099 USER_NAME=appuser GROUP_NAME=appgroup DEBIAN_FRONTEND=noninteractive /bin/sh -c apt-get update -y     &amp;&amp; apt-get upgrade -y     &amp;&amp; apt-get install -y --no-install-recommends         python3         ca-certificates         libstdc++6         libgomp1     &amp;&amp; rm -rf /var/lib/apt/lists/* # buildkit&#xA;&#xA;"></failure>
        </testcase>
        <testcase name="CVE-2026-11940" classname="high">
            <failure message="&#xA;  Vulnerability: CVE-2026-11940&#xA;  Severity: High&#xA;  CVSS Score: 7.8&#xA;  CVSS Version: CVSS4&#xA;  VPR Score: 4.3&#xA;  Known Exploit: No&#xA;  CVSS Attack Vector: Network&#xA;  Description: tarfile.extractall() with the &#39;data&#39; or &#39;tar&#39; filter could be bypassed by a crafted archive where a&#xA;               hardlink references a symlink stored at a deeper name than the hardlink itself. The extraction&#xA;               fallback validated the symlink at it&#39;s archived location but recreated it at the hardlink&#39;s&#xA;               shallower path, letting a relative target the filter judged contained escape the destination&#xA;               directory. This allowed a malicious tar archive to create a symlink pointing outside the&#xA;               destination, enabling out-of-destination file reads or writes. This was an incomplete fix of&#xA;               CVE-2025-4330.&#xA;  Resolvable: No&#xA;  Patch: 323882&#xA;  Published Date: 2026-06-23 00:00:00&#xA;  URLs:&#xA;    https://www.helpnetsecurity.com/2026/09/14/debian-13-7-point-release/&#xA;    https://mail.python.org/archives/list/security-announce@python.org/thread/LD6QIISNQFQYOIEPJNEUIPV7S3V76FZH/&#xA;    https://github.com/python/cpython/pull/151559&#xA;    https://github.com/python/cpython/issues/151558&#xA;    https://github.com/python/cpython/commit/e5fdbd8d5aa923bd9111b112ea73bd6ec7c47877&#xA;    https://github.com/python/cpython/commit/be13e86f6b9788a6f4d0419dffef72cbae5865c9&#xA;    https://github.com/python/cpython/commit/79c06bd5c6afa3c440d50faf7ee1b147c8832b4c&#xA;    https://github.com/python/cpython/commit/771d12dda5140313db0ac550292987975651bbde&#xA;    https://github.com/python/cpython/commit/672825e2f36a57e173959b0d9d409d4560dab8df&#xA;    https://github.com/python/cpython/commit/27dd970bf6b17ebca7c8ed486a40ab043ed7af8f&#xA;    https://github.com/python/cpython/commit/0f852b3f07dd8e71e40326a51c02afbf16a42cc5&#xA;  Software:&#xA;    [1]: libpython3.10-minimal@3.10.12-1~22.04.18 &#xA;    [2]: libpython3.10-stdlib@3.10.12-1~22.04.18 &#xA;    [3]: python3.10@3.10.12-1~22.04.18 &#xA;    [4]: python3.10-minimal@3.10.12-1~22.04.18 &#xA;  Layers:&#xA;    [1]:  RUN |5 USER_ID=999 GROUP_ID=1099 USER_NAME=appuser GROUP_NAME=appgroup DEBIAN_FRONTEND=noninteractive /bin/sh -c apt-get update -y     &amp;&amp; apt-get upgrade -y     &amp;&amp; apt-get install -y --no-install-recommends         python3         ca-certificates         libstdc++6         libgomp1     &amp;&amp; rm -rf /var/lib/apt/lists/* # buildkit&#xA;&#xA;"></failure>
        </testcase>
        <testcase name="CVE-2026-89161" classname="high">
            <failure message="&#xA;  Vulnerability: CVE-2026-89161&#xA;  Severity: High&#xA;  CVSS Score: 7.8&#xA;  CVSS Version: CVSS3&#xA;  VPR Score: 4.9&#xA;  Known Exploit: No&#xA;  CVSS Attack Vector: Local&#xA;  Description: In PCRE2 before 10.48, pcre2_jit_match mishandles a previously copied subject being passed in as a&#xA;               context. An incorrect free operation can occur.&#xA;  Resolvable: No&#xA;  Patch: 344733&#xA;  Published Date: 2026-09-11 00:00:00&#xA;  URLs:&#xA;    https://github.com/PCRE2Project/pcre2/releases/tag/pcre2-10.48&#xA;    https://github.com/PCRE2Project/pcre2/pull/937&#xA;  Software:&#xA;    [1]: libpcre2-8-0@10.39-3ubuntu0.1 &#xA;  Layers:&#xA;    [1]:  ADD file:81c01921c5f642ac2fcbfae682e489e8e64b347467d9fa1587707e310e64d790 in / &#xA;&#xA;"></failure>
        </testcase>
        <testcase name="CVE-2023-47039" classname="high">
            <failure message="&#xA;  Vulnerability: CVE-2023-47039&#xA;  Severity: High&#xA;  CVSS Score: 7.8&#xA;  CVSS Version: CVSS3&#xA;  VPR Score: 4.9&#xA;  Known Exploit: No&#xA;  CVSS Attack Vector: Local&#xA;  Description: A vulnerability was found in Perl. This security issue occurs while Perl for Windows relies on the&#xA;               system path environment variable to find the shell (`cmd.exe`). When running an executable that uses&#xA;               the Windows Perl interpreter, Perl attempts to find and execute `cmd.exe` within the operating&#xA;               system. However, due to path search order issues, Perl initially looks for cmd.exe in the current&#xA;               working directory. This flaw allows an attacker with limited privileges to place`cmd.exe` in&#xA;               locations with weak permissions, such as `C:\ProgramData`. By doing so, arbitrary code can be&#xA;               executed when an administrator attempts to use this executable from these compromised locations.&#xA;  Resolvable: No&#xA;  Patch: 252189&#xA;  Published Date: 2024-01-02 00:00:00&#xA;  URLs:&#xA;    https://www.cisa.gov/news-events/ics-advisories/icsa-24-319-08&#xA;    https://bugzilla.redhat.com/show_bug.cgi?id=2249525&#xA;    https://bugs.debian.org/cgi-bin/bugreport.cgi?bug=1056746&#xA;    https://access.redhat.com/security/cve/CVE-2023-47039&#xA;  Software:&#xA;    [1]: perl-base@5.34.0-3ubuntu1.9 &#xA;  Layers:&#xA;    [1]:  RUN |5 USER_ID=999 GROUP_ID=1099 USER_NAME=appuser GROUP_NAME=appgroup DEBIAN_FRONTEND=noninteractive /bin/sh -c apt-get update -y     &amp;&amp; apt-get upgrade -y     &amp;&amp; apt-get install -y --no-install-recommends         python3         ca-certificates         libstdc++6         libgomp1     &amp;&amp; rm -rf /var/lib/apt/lists/* # buildkit&#xA;&#xA;"></failure>
        </testcase>
        <testcase name="CVE-2026-76641" classname="high">
            <failure message="&#xA;  Vulnerability: CVE-2026-76641&#xA;  Severity: High&#xA;  CVSS Score: 8.7&#xA;  CVSS Version: CVSS4&#xA;  VPR Score: 3&#xA;  Known Exploit: No&#xA;  CVSS Attack Vector: Network&#xA;  Description: Expat through 2.8.3 contains an out-of-bounds read vulnerability that allows attackers to trigger&#xA;               memory corruption by processing XML with external entity parsers created via&#xA;               XML_ExternalEntityParserCreate. A struct size mismatch between ELEMENT_TYPE members causes storeAtts&#xA;               to read the attIndex member past allocated memory boundaries, resulting in failure to normalize&#xA;               whitespace in non-CDATA attributes or a wild pointer dereference causing a segfault. This&#xA;               vulnerability was introduced by the fix for CVE-2026-66046.&#xA;  Resolvable: No&#xA;  Patch: 338716&#xA;  Published Date: 2026-08-20 00:00:00&#xA;  URLs:&#xA;    https://www.vulncheck.com/advisories/expat-out-of-bounds-read-via-dtdcopy&#xA;    https://github.com/libexpat/libexpat/pull/1331&#xA;    https://github.com/libexpat/libexpat/commit/98599f6dcc2b460410881fe420f5f55d6bec63bf&#xA;  Software:&#xA;    [1]: libexpat1@2.4.7-1ubuntu0.7 &#xA;  Layers:&#xA;    [1]:  RUN |5 USER_ID=999 GROUP_ID=1099 USER_NAME=appuser GROUP_NAME=appgroup DEBIAN_FRONTEND=noninteractive /bin/sh -c apt-get update -y     &amp;&amp; apt-get upgrade -y     &amp;&amp; apt-get install -y --no-install-recommends         python3         ca-certificates         libstdc++6         libgomp1     &amp;&amp; rm -rf /var/lib/apt/lists/* # buildkit&#xA;&#xA;"></failure>
        </testcase>
        <testcase name="CVE-2026-42497" classname="high">
            <failure message="&#xA;  Vulnerability: CVE-2026-42497&#xA;  Severity: High&#xA;  CVSS Score: 7.5&#xA;  CVSS Version: CVSS3&#xA;  VPR Score: 3&#xA;  Known Exploit: No&#xA;  CVSS Attack Vector: Network&#xA;  Description: Archive::Tar versions before 3.08 for Perl extract hardlinks to attacker controlled paths outside&#xA;               the extraction directory. _make_special_file() passes the tar header&#39;s linkname to link() without&#xA;               validating it against absolute paths or .. segments, creating a hardlink that shares the victim&#xA;               file&#39;s inode. A subsequent write through the extracted name modifies the victim file, and the&#xA;               post-extraction chmod, chown, and utime block in _extract_file() (guarded only against symlinks via&#xA;               -l) applies the tar header&#39;s mode, owner, and timestamps to the shared inode during extraction&#xA;               alone.&#xA;  Resolvable: No&#xA;  Patch: 317042&#xA;  Published Date: 2026-05-26 00:00:00&#xA;  URLs:&#xA;    https://www.helpnetsecurity.com/2026/09/14/debian-13-7-point-release/&#xA;    https://www.cve.org/CVERecord?id=CVE-2026-42496&#xA;    https://metacpan.org/release/BINGOS/Archive-Tar-3.08/changes&#xA;    https://github.com/jib/archive-tar-new/commit/17c873492a05eddc0de18c1485e0b2cccd5a9158.patch&#xA;  Software:&#xA;    [1]: perl-base@5.34.0-3ubuntu1.9 &#xA;  Layers:&#xA;    [1]:  RUN |5 USER_ID=999 GROUP_ID=1099 USER_NAME=appuser GROUP_NAME=appgroup DEBIAN_FRONTEND=noninteractive /bin/sh -c apt-get update -y     &amp;&amp; apt-get upgrade -y     &amp;&amp; apt-get install -y --no-install-recommends         python3         ca-certificates         libstdc++6         libgomp1     &amp;&amp; rm -rf /var/lib/apt/lists/* # buildkit&#xA;&#xA;"></failure>
        </testcase>
        <testcase name="CVE-2022-41409" classname="high">
            <failure message="&#xA;  Vulnerability: CVE-2022-41409&#xA;  Severity: High&#xA;  CVSS Score: 7.5&#xA;  CVSS Version: CVSS3&#xA;  VPR Score: 3&#xA;  Known Exploit: Yes&#xA;  CVSS Attack Vector: Network&#xA;  Description: Integer overflow vulnerability in pcre2test before 10.41 allows attackers to cause a denial of&#xA;               service or other unspecified impacts via negative input.&#xA;  Resolvable: No&#xA;  Patch: 224923&#xA;  Published Date: 2023-07-18 00:00:00&#xA;  URLs:&#xA;    https://github.com/PCRE2Project/pcre2/issues/141&#xA;    https://github.com/PCRE2Project/pcre2/commit/94e1c001761373b7d9450768aa15d04c25547a35&#xA;  Software:&#xA;    [1]: libpcre2-8-0@10.39-3ubuntu0.1 &#xA;  Layers:&#xA;    [1]:  ADD file:81c01921c5f642ac2fcbfae682e489e8e64b347467d9fa1587707e310e64d790 in / &#xA;&#xA;"></failure>
        </testcase>
        <testcase name="CVE-2025-2099" classname="high">
[...]
        </testcase>
        <testcase name="CVE-2023-29383" classname="low">
            <failure message="&#xA;  Vulnerability: CVE-2023-29383&#xA;  Severity: Low&#xA;  CVSS Score: 3.3&#xA;  CVSS Version: CVSS3&#xA;  VPR Score: 1.2&#xA;  Known Exploit: Yes&#xA;  CVSS Attack Vector: Local&#xA;  Description: In Shadow 4.13, it is possible to inject control characters into fields provided to the SUID program&#xA;               chfn (change finger). Although it is not possible to exploit this directly (e.g., adding a new user&#xA;               fails because \n is in the block list), it is possible to misrepresent the /etc/passwd file when&#xA;               viewed. Use of \r manipulations and Unicode characters to work around blocking of the : character&#xA;               make it possible to give the impression that a new user has been added. In other words, an adversary&#xA;               may be able to convince a system administrator to take the system offline (an indirect,&#xA;               social-engineered denial of service) by demonstrating that &#34;cat /etc/passwd&#34; shows a rogue user&#xA;               account.&#xA;  Resolvable: No&#xA;  Patch: 226022&#xA;  Published Date: 2023-04-14 00:00:00&#xA;  URLs:&#xA;    https://github.com/tl87/container-scanner&#xA;    https://www.trustwave.com/en-us/resources/security-resources/security-advisories/?fid=31797&#xA;    https://www.trustwave.com/en-us/resources/blogs/spiderlabs-blog/cve-2023-29383-abusing-linux-chfn-to-misrepresent-etc-passwd/&#xA;    https://lists.debian.org/debian-lts-announce/2025/04/msg00026.html&#xA;    https://github.com/shadow-maint/shadow/pull/687&#xA;    https://github.com/shadow-maint/shadow/commit/e5905c4b84d4fb90aefcd96ee618411ebfac663d&#xA;  Software:&#xA;    [1]: login@1:4.8.1-2ubuntu2.2 &#xA;    [2]: passwd@1:4.8.1-2ubuntu2.2 &#xA;  Layers:&#xA;    [1]:  ADD file:81c01921c5f642ac2fcbfae682e489e8e64b347467d9fa1587707e310e64d790 in / &#xA;&#xA;"></failure>
        </testcase>
        <testcase name="CVE-2026-40228" classname="low">
            <failure message="&#xA;  Vulnerability: CVE-2026-40228&#xA;  Severity: Low&#xA;  CVSS Score: 3.3&#xA;  CVSS Version: CVSS3&#xA;  VPR Score: 1.2&#xA;  Known Exploit: Yes&#xA;  CVSS Attack Vector: Local&#xA;  Description: In systemd 259, systemd-journald can send ANSI escape sequences to the terminals of arbitrary users&#xA;               when a &#34;logger -p emerg&#34; command is executed, if ForwardToWall=yes is set.&#xA;  Resolvable: No&#xA;  Patch: 307026&#xA;  Published Date: 2026-04-10 00:00:00&#xA;  URLs:&#xA;    https://www.openwall.com/lists/oss-security/2026/04/08/1&#xA;    http://www.openwall.com/lists/oss-security/2026/05/05/1&#xA;  Software:&#xA;    [1]: libsystemd0@249.11-0ubuntu3.22 &#xA;    [2]: libudev1@249.11-0ubuntu3.22 &#xA;  Layers:&#xA;    [1]:  ADD file:81c01921c5f642ac2fcbfae682e489e8e64b347467d9fa1587707e310e64d790 in / &#xA;&#xA;"></failure>
        </testcase>
        <testcase name="CVE-2026-89162" classname="low">
            <failure message="&#xA;  Vulnerability: CVE-2026-89162&#xA;  Severity: Low&#xA;  CVSS Score: 3.3&#xA;  CVSS Version: CVSS3&#xA;  VPR Score: 1.2&#xA;  Known Exploit: Yes&#xA;  CVSS Attack Vector: Local&#xA;  Description: In PCRE2 before 10.48, pcre2_serialize_encode might disclose two bytes to an adversary, typically in&#xA;               a situation where the access available to the adversary is already unsafe.&#xA;  Resolvable: No&#xA;  Patch: 344744&#xA;  Published Date: 2026-09-11 00:00:00&#xA;  URLs:&#xA;    https://github.com/PCRE2Project/pcre2/security/advisories/GHSA-q7rw-r7qq-2hx6&#xA;    https://github.com/PCRE2Project/pcre2/releases/tag/pcre2-10.48&#xA;  Software:&#xA;    [1]: libpcre2-8-0@10.39-3ubuntu0.1 &#xA;  Layers:&#xA;    [1]:  ADD file:81c01921c5f642ac2fcbfae682e489e8e64b347467d9fa1587707e310e64d790 in / &#xA;&#xA;"></failure>
        </testcase>
        <testcase name="CVE-2022-3219" classname="low">
            <failure message="&#xA;  Vulnerability: CVE-2022-3219&#xA;  Severity: Low&#xA;  CVSS Score: 3.3&#xA;  CVSS Version: CVSS3&#xA;  VPR Score: 1.2&#xA;  Known Exploit: No&#xA;  CVSS Attack Vector: Local&#xA;  Description: GnuPG can be made to spin on a relatively small input by (for example) crafting a public key with&#xA;               thousands of signatures attached, compressed down to just a few KB.&#xA;  Resolvable: No&#xA;  Patch: 224766&#xA;  Published Date: 2023-02-23 00:00:00&#xA;  URLs:&#xA;    https://github.com/tk-alajmi/SIEM&#xA;    https://github.com/tl87/container-scanner&#xA;    https://security.netapp.com/advisory/ntap-20230324-0001/&#xA;    https://marc.info/?l=oss-security&amp;m=165696590211434&amp;w=4&#xA;    https://dev.gnupg.org/T5993&#xA;    https://dev.gnupg.org/D556&#xA;    https://bugzilla.redhat.com/show_bug.cgi?id=2127010&#xA;    https://access.redhat.com/security/cve/CVE-2022-3219&#xA;  Software:&#xA;    [1]: gpgv@2.2.27-3ubuntu2.5 &#xA;  Layers:&#xA;    [1]:  ADD file:81c01921c5f642ac2fcbfae682e489e8e64b347467d9fa1587707e310e64d790 in / &#xA;&#xA;"></failure>
        </testcase>
        <testcase name="CVE-2026-18503" classname="low">
            <failure message="&#xA;  Vulnerability: CVE-2026-18503&#xA;  Severity: Low&#xA;  CVSS Score: 2.4&#xA;  CVSS Version: CVSS4&#xA;  VPR Score: 1.2&#xA;  Known Exploit: No&#xA;  CVSS Attack Vector: Local&#xA;  Description: Attacker-controlled CSV samples can trigger super-linear regular-expression work during dialect&#xA;               sniffing and consume significant CPU when applications pass unbounded input to csv.Sniffer.sniff().&#xA;  Resolvable: No&#xA;  Patch: 335028&#xA;  Published Date: 2026-08-10 00:00:00&#xA;  URLs:&#xA;    https://mail.python.org/archives/list/security-announce@python.org/thread/KQ7NBMCPAZJHRROQXJQE4GMXGLD5KHBS/&#xA;    https://github.com/python/cpython/pull/153694&#xA;    https://github.com/python/cpython/issues/98820&#xA;    https://github.com/python/cpython/commit/fd78b565d7c326f96ae903ab945b47f35d829cf4&#xA;    https://github.com/python/cpython/commit/b30c7fa9edd921a118f286e9f90f560777fa693b&#xA;    https://github.com/python/cpython/commit/b09a67a20c464f8288c9f9a6b9c7082a74560024&#xA;    https://github.com/python/cpython/commit/89f29c760c02774b099ddd6863268eb13fa3946a&#xA;    https://github.com/python/cpython/commit/476fb09cdb0d73e645849d98c610e7e5697ce7c9&#xA;    https://github.com/python/cpython/commit/063d4555c94ef412c731527dbf30193327f2ee82&#xA;  Software:&#xA;    [1]: libpython3.10-minimal@3.10.12-1~22.04.18 &#xA;    [2]: libpython3.10-stdlib@3.10.12-1~22.04.18 &#xA;    [3]: python3.10@3.10.12-1~22.04.18 &#xA;    [4]: python3.10-minimal@3.10.12-1~22.04.18 &#xA;  Layers:&#xA;    [1]:  RUN |5 USER_ID=999 GROUP_ID=1099 USER_NAME=appuser GROUP_NAME=appgroup DEBIAN_FRONTEND=noninteractive /bin/sh -c apt-get update -y     &amp;&amp; apt-get upgrade -y     &amp;&amp; apt-get install -y --no-install-recommends         python3         ca-certificates         libstdc++6         libgomp1     &amp;&amp; rm -rf /var/lib/apt/lists/* # buildkit&#xA;&#xA;"></failure>
        </testcase>
        <testcase name="CVE-2025-3777" classname="low">
            <failure message="&#xA;  Vulnerability: CVE-2025-3777&#xA;  Severity: Low&#xA;  CVSS Score: 3.5&#xA;  CVSS Version: CVSS3&#xA;  VPR Score: 1.2&#xA;  Known Exploit: Yes&#xA;  CVSS Attack Vector: Network&#xA;  Description: Hugging Face Transformers versions up to 4.49.0 are affected by an improper input validation&#xA;               vulnerability in the `image_utils.py` file. The vulnerability arises from insecure URL validation&#xA;               using the `startswith()` method, which can be bypassed through URL username injection. This allows&#xA;               attackers to craft URLs that appear to be from YouTube but resolve to malicious domains, potentially&#xA;               leading to phishing attacks, malware distribution, or data exfiltration. The issue is fixed in&#xA;               version 4.52.1.&#xA;  Resolution: 4.52.1&#xA;  Resolvable: Yes&#xA;  Patch: 428316&#xA;  Published Date: 2025-07-07 00:00:00&#xA;  URLs:&#xA;    https://huntr.com/bounties/ccba0730-9248-4853-b7ff-5c20e6364f09&#xA;    https://github.com/huggingface/transformers/commit/4dda5f71b35fb70cf602187eef84bb17a50b9082&#xA;  Software:&#xA;    [1]: transformers@4.48.0 /home/appuser/.local/lib/python3.10/site-packages/transformers-4.48.0.dist-info/METADATA&#xA;  Layers:&#xA;    [1]:  COPY --chown=appuser:appgroup /home/appuser/.local /home/appuser/.local # buildkit&#xA;&#xA;"></failure>
        </testcase>
        <testcase name="CVE-2026-6879" classname="low">
            <failure message="&#xA;  Vulnerability: CVE-2026-6879&#xA;  Severity: Low&#xA;  CVSS Score: 2&#xA;  CVSS Version: CVSS4&#xA;  VPR Score: 3&#xA;  Known Exploit: No&#xA;  CVSS Attack Vector: Network&#xA;  Description: `Element.findall()` and fully-consumed `Element.iterfind()` exhibit `O(n^2)` time complexity when&#xA;               using XPath index predicates (e.g. `[1]`, `[last()]`, `[last()-N]`) on XML documents with many&#xA;               same-tag siblings. `Element.find()` is only affected when the first match is near the end of the&#xA;               sibling list, such as with `[last()]` or `[last()-N]`; `.//item[1]` short-circuits after the first&#xA;               match.&#xA;  Resolvable: No&#xA;  Patch: 330636&#xA;  Published Date: 2026-07-28 00:00:00&#xA;  URLs:&#xA;    https://mail.python.org/archives/list/security-announce@python.org/thread/7YMZ6DDZVR26TJJBVO3RDNBAVGHNYAKR/&#xA;    https://github.com/python/cpython/pull/152676&#xA;    https://github.com/python/cpython/issues/152674&#xA;    https://github.com/python/cpython/commit/cb409342a19f25656f62e679f8bac265fe1442c3&#xA;    https://github.com/python/cpython/commit/96510a3758f4a075f43223afdee3b6ee1a7a7f02&#xA;    https://github.com/python/cpython/commit/390337b8ba1658833fdef379e1739c9f9533a8db&#xA;    https://github.com/python/cpython/commit/2ffab083782968a4d732738f4f1dff6bbd69d2b0&#xA;    https://github.com/python/cpython/commit/0583f24ae678993e3f7939f51ad5bcae5ad9dc70&#xA;    https://github.com/python/cpython/commit/037965c00a427cba5c05447efadc67c51a492e85&#xA;    https://github.com/python/cpython/commit/02c08e6b747ac43d0d866a4ffa916bedf3423f81&#xA;  Software:&#xA;    [1]: libpython3.10-minimal@3.10.12-1~22.04.18 &#xA;    [2]: libpython3.10-stdlib@3.10.12-1~22.04.18 &#xA;    [3]: python3.10@3.10.12-1~22.04.18 &#xA;    [4]: python3.10-minimal@3.10.12-1~22.04.18 &#xA;  Layers:&#xA;    [1]:  RUN |5 USER_ID=999 GROUP_ID=1099 USER_NAME=appuser GROUP_NAME=appgroup DEBIAN_FRONTEND=noninteractive /bin/sh -c apt-get update -y     &amp;&amp; apt-get upgrade -y     &amp;&amp; apt-get install -y --no-install-recommends         python3         ca-certificates         libstdc++6         libgomp1     &amp;&amp; rm -rf /var/lib/apt/lists/* # buildkit&#xA;&#xA;"></failure>
        </testcase>
        <testcase name="CVE-2026-56392" classname="low">
            <failure message="&#xA;  Vulnerability: CVE-2026-56392&#xA;  Severity: Low&#xA;  CVSS Score: 1.8&#xA;  CVSS Version: CVSS4&#xA;  VPR Score: 3.5&#xA;  Known Exploit: No&#xA;  CVSS Attack Vector: Local&#xA;  Description: GNU coreutils unexpand is vulnerable to a heap-based buffer overflow due to an integer overflow&#xA;               during buffer allocation when processing large tab stop (-t) values. The multiplication used to&#xA;               calculate the allocation size can wrap around, resulting in an undersized buffer. When processing&#xA;               crafted input, subsequent writes exceed the allocated memory, leading to an out‑of‑bounds heap&#xA;               write. When running GNU coreutils unexpand with attacker-provided large tab stop (-t) arguments,&#xA;               this behavior leads to a crash and potentially achieve a heap write primitive depending on memory&#xA;               layout. This issue has been fixed in the commit b60a159fdc5bfcf9988d3a4cb6f53abe8ad5d35d&#xA;  Resolvable: No&#xA;  Patch: 329674&#xA;  Published Date: 2026-07-24 00:00:00&#xA;  URLs:&#xA;    https://git.savannah.gnu.org/cgit/coreutils.git/commit/?id=b60a159fdc5bfcf9988d3a4cb6f53abe8ad5d35d&#xA;    https://git.savannah.gnu.org/cgit/coreutils.git/&#xA;    https://cert.pl/en/posts/2026/07/CVE-2026-56391&#xA;  Software:&#xA;    [1]: coreutils@8.32-4.1ubuntu1.4 &#xA;  Layers:&#xA;    [1]:  ADD file:81c01921c5f642ac2fcbfae682e489e8e64b347467d9fa1587707e310e64d790 in / &#xA;&#xA;"></failure>
        </testcase>
        <testcase name="CVE-2024-56433" classname="low">
            <failure message="&#xA;  Vulnerability: CVE-2024-56433&#xA;  Severity: Low&#xA;  CVSS Score: 3.6&#xA;  CVSS Version: CVSS3&#xA;  VPR Score: 2.1&#xA;  Known Exploit: Yes&#xA;  CVSS Attack Vector: Local&#xA;  Description: shadow-utils (aka shadow) 4.4 through 4.17.0 establishes a default /etc/subuid behavior (e.g., uid&#xA;               100000 through 165535 for the first user account) that can realistically conflict with the uids of&#xA;               users defined on locally administered networks, potentially leading to account takeover, e.g., by&#xA;               leveraging newuidmap for access to an NFS home directory (or same-host resources in the case of&#xA;               remote logins by these local network users). NOTE: it may also be argued that system administrators&#xA;               should not have assigned uids, within local networks, that are within the range that can occur in&#xA;               /etc/subuid.&#xA;  Resolvable: No&#xA;  Patch: 230845&#xA;  Published Date: 2024-12-26 00:00:00&#xA;  URLs:&#xA;    https://github.com/shadow-maint/shadow/releases/tag/4.4&#xA;    https://github.com/shadow-maint/shadow/issues/1157&#xA;    https://github.com/shadow-maint/shadow/blob/e2512d5741d4a44bdd81a8c2d0029b6222728cf0/etc/login.defs#L238-L241&#xA;  Software:&#xA;    [1]: login@1:4.8.1-2ubuntu2.2 &#xA;    [2]: passwd@1:4.8.1-2ubuntu2.2 &#xA;  Layers:&#xA;    [1]:  ADD file:81c01921c5f642ac2fcbfae682e489e8e64b347467d9fa1587707e310e64d790 in / &#xA;&#xA;"></failure>
        </testcase>
        <testcase name="CVE-2026-15310" classname="low">
            <failure message="&#xA;  Vulnerability: CVE-2026-15310&#xA;  Severity: Low&#xA;  CVSS Score: 2.1&#xA;  CVSS Version: CVSS4&#xA;  VPR Score: 4.3&#xA;  Known Exploit: No&#xA;  CVSS Attack Vector: Network&#xA;  Description: When decompressing crafted zip files using the bzip/LZMA/Zstandard compressions, Python could use an&#xA;               attacker-controlled size to pre-allocate memory, possibly resulting in memory exhaustion.&#xA;  Resolvable: No&#xA;  Patch: 340794&#xA;  Published Date: 2026-08-25 00:00:00&#xA;  URLs:&#xA;    https://mail.python.org/archives/list/security-announce@python.org/thread/YUHXURX2WZGKGNA4ANYBQS2VZRYQ5JNK/&#xA;    https://github.com/python/cpython/pull/156003&#xA;    https://github.com/python/cpython/issues/156002&#xA;    https://github.com/python/cpython/commit/f897dbf2f36a5935700b7c2d94d4681d2136b7d4&#xA;    https://github.com/python/cpython/commit/f507e6946a3194e83e1d7b8ee6e14567175e46de&#xA;    https://github.com/python/cpython/commit/e2311cfb3dd518f008f312fe0631f4f7490d237a&#xA;    https://github.com/python/cpython/commit/9d167992b59cf5e23c66b9ed742b13f5925f7d70&#xA;    https://github.com/python/cpython/commit/31980e84b9a708424a0a1dfecde3fc991e313f89&#xA;    https://github.com/python/cpython/commit/1b424c0178a01e155fd0267dc28a8fc1159b33a8&#xA;  Software:&#xA;    [1]: libpython3.10-minimal@3.10.12-1~22.04.18 &#xA;    [2]: libpython3.10-stdlib@3.10.12-1~22.04.18 &#xA;    [3]: python3.10@3.10.12-1~22.04.18 &#xA;    [4]: python3.10-minimal@3.10.12-1~22.04.18 &#xA;  Layers:&#xA;    [1]:  RUN |5 USER_ID=999 GROUP_ID=1099 USER_NAME=appuser GROUP_NAME=appgroup DEBIAN_FRONTEND=noninteractive /bin/sh -c apt-get update -y     &amp;&amp; apt-get upgrade -y     &amp;&amp; apt-get install -y --no-install-recommends         python3         ca-certificates         libstdc++6         libgomp1     &amp;&amp; rm -rf /var/lib/apt/lists/* # buildkit&#xA;&#xA;"></failure>
        </testcase>
        <testcase name="CVE-2026-3479" classname="information">
            <failure message="&#xA;  Vulnerability: CVE-2026-3479&#xA;  Severity: Information&#xA;  CVSS Version: CVSS4&#xA;  VPR Score: 1.2&#xA;  Known Exploit: No&#xA;  CVSS Attack Vector: Physical&#xA;  Description: DISPUTED: The project has clarified that the documentation was incorrect, and that&#xA;               pkgutil.get_data() has the same security model as open(). The documentation has been updated to&#xA;               clarify this point. There is no vulnerability in the function if following the intended security&#xA;               model. pkgutil.get_data() did not validate the resource argument as documented, allowing path&#xA;               traversals.&#xA;  Resolvable: No&#xA;  Patch: 303113&#xA;  Published Date: 2026-03-18 00:00:00&#xA;  URLs:&#xA;    https://mail.python.org/archives/list/security-announce@python.org/thread/WYLLVQOOCKGK73JM7Z7ZSNOJC4N7BAWY/&#xA;    https://github.com/python/cpython/pull/146122&#xA;    https://github.com/python/cpython/issues/146121&#xA;    https://github.com/python/cpython/commit/d786d59a8f7196bb630100a869f28ad13436b59c&#xA;    https://github.com/python/cpython/commit/cf59bf76470f3d75ad47d80ffb8ce76b64b5e943&#xA;    https://github.com/python/cpython/commit/bcdf231946b1da8bdfbab4c05539bb0cc964a1c7&#xA;    https://github.com/python/cpython/commit/5af6ce3e7b643a30a02d22245c1e3f4a8bc0a1fe&#xA;  Software:&#xA;    [1]: libpython3.10-minimal@3.10.12-1~22.04.18 &#xA;    [2]: libpython3.10-stdlib@3.10.12-1~22.04.18 &#xA;    [3]: python3.10@3.10.12-1~22.04.18 &#xA;    [4]: python3.10-minimal@3.10.12-1~22.04.18 &#xA;  Layers:&#xA;    [1]:  RUN |5 USER_ID=999 GROUP_ID=1099 USER_NAME=appuser GROUP_NAME=appgroup DEBIAN_FRONTEND=noninteractive /bin/sh -c apt-get update -y     &amp;&amp; apt-get upgrade -y     &amp;&amp; apt-get install -y --no-install-recommends         python3         ca-certificates         libstdc++6         libgomp1     &amp;&amp; rm -rf /var/lib/apt/lists/* # buildkit&#xA;&#xA;"></failure>
        </testcase>
    </testsuite>
</testsuites>